This is XeTeX, Version 3.14159265-2.6-0.999992 (TeX Live 2020/W32TeX) (preloaded format=xelatex 2020.10.19)  21 OCT 2020 16:43
entering extended mode
 restricted \write18 enabled.
 %&-line parsing enabled.
**ctex2.tex
(./ctex2.tex
LaTeX2e <2020-10-01> patch level 1
L3 programming layer <2020-10-05> xparse <2020-03-03> (c:/Users/Lenovo/AppData/
Roaming/TinyTeX/texmf-dist/tex/latex/ctex/ctexart.cls
(c:/Users/Lenovo/AppData/Roaming/TinyTeX/texmf-dist/tex/latex/ctex/config/ctexb
ackend.cfg
File: ctexbackend.cfg 2020/10/19 v2.5.5 Backend configuration file (CTEX)
)
(c:/Users/Lenovo/AppData/Roaming/TinyTeX/texmf-dist/tex/latex/l3kernel/expl3.st
y
Package: expl3 2020-10-05 L3 programming layer (loader) 

(c:/Users/Lenovo/AppData/Roaming/TinyTeX/texmf-dist/tex/latex/l3backend/l3backe
nd-xetex.def
File: l3backend-xetex.def 2020-09-24 L3 backend support: XeTeX
\g__graphics_track_int=\count171
\l__pdf_internal_box=\box47
\g__pdf_backend_object_int=\count172
\g__pdf_backend_annotation_int=\count173
))
Document Class: ctexart 2020/10/19 v2.5.5 Chinese adapter for class article (CT
EX)

(c:/Users/Lenovo/AppData/Roaming/TinyTeX/texmf-dist/tex/latex/l3packages/xparse
/xparse.sty
Package: xparse 2020-10-05 L3 Experimental document command parser

(c:/Users/Lenovo/AppData/Roaming/TinyTeX/texmf-dist/tex/latex/l3packages/xparse
/xparse-generic.tex))
(c:/Users/Lenovo/AppData/Roaming/TinyTeX/texmf-dist/tex/latex/l3packages/l3keys
2e/l3keys2e.sty
Package: l3keys2e 2020-10-05 LaTeX2e option processing using LaTeX3 keys
)
(c:/Users/Lenovo/AppData/Roaming/TinyTeX/texmf-dist/tex/latex/ctex/ctexhook.sty
Package: ctexhook 2020/10/19 v2.5.5 Document and package hooks (CTEX)
)
(c:/Users/Lenovo/AppData/Roaming/TinyTeX/texmf-dist/tex/latex/ctex/ctexpatch.st
y
Package: ctexpatch 2020/10/19 v2.5.5 Patching commands (CTEX)
) (c:/Users/Lenovo/AppData/Roaming/TinyTeX/texmf-dist/tex/latex/base/fix-cm.sty
Package: fix-cm 2015/01/14 v1.1t fixes to LaTeX
(c:/Users/Lenovo/AppData/Roaming/TinyTeX/texmf-dist/tex/latex/base/ts1enc.def
File: ts1enc.def 2001/06/05 v3.0e (jk/car/fm) Standard LaTeX file
LaTeX Font Info:    Redeclaring font encoding TS1 on input line 47.
)) (c:/Users/Lenovo/AppData/Roaming/TinyTeX/texmf-dist/tex/latex/ms/everysel.st
y
Package: everysel 2011/10/28 v1.2 EverySelectfont Package (MS)
)
\l__ctex_tmp_int=\count174
\l__ctex_tmp_box=\box48
\l__ctex_tmp_dim=\dimen138
\g__ctex_section_depth_int=\count175
\g__ctex_font_size_int=\count176

(c:/Users/Lenovo/AppData/Roaming/TinyTeX/texmf-dist/tex/latex/ctex/config/ctexo
pts.cfg
File: ctexopts.cfg 2020/10/19 v2.5.5 Option configuration file (CTEX)
) (c:/Users/Lenovo/AppData/Roaming/TinyTeX/texmf-dist/tex/latex/base/article.cl
s
Document Class: article 2020/04/10 v1.4m Standard LaTeX document class
(c:/Users/Lenovo/AppData/Roaming/TinyTeX/texmf-dist/tex/latex/base/size10.clo
File: size10.clo 2020/04/10 v1.4m Standard LaTeX file (size option)
)
\c@part=\count177
\c@section=\count178
\c@subsection=\count179
\c@subsubsection=\count180
\c@paragraph=\count181
\c@subparagraph=\count182
\c@figure=\count183
\c@table=\count184
\abovecaptionskip=\skip47
\belowcaptionskip=\skip48
\bibindent=\dimen139
)
(c:/Users/Lenovo/AppData/Roaming/TinyTeX/texmf-dist/tex/latex/ctex/engine/ctex-
engine-xetex.def
File: ctex-engine-xetex.def 2020/10/19 v2.5.5 XeLaTeX adapter (CTEX)

(c:/Users/Lenovo/AppData/Roaming/TinyTeX/texmf-dist/tex/xelatex/xecjk/xeCJK.sty
Package: xeCJK 2020/10/19 v3.8.6 Typesetting CJK scripts with XeLaTeX

(c:/Users/Lenovo/AppData/Roaming/TinyTeX/texmf-dist/tex/latex/l3packages/xtempl
ate/xtemplate.sty
Package: xtemplate 2020-10-05 L3 Experimental prototype document functions
\l__xtemplate_tmp_dim=\dimen140
\l__xtemplate_tmp_int=\count185
\l__xtemplate_tmp_muskip=\muskip16
\l__xtemplate_tmp_skip=\skip49
)
\l__xeCJK_tmp_int=\count186
\l__xeCJK_tmp_box=\box49
\l__xeCJK_tmp_dim=\dimen141
\l__xeCJK_tmp_skip=\skip50
\g__xeCJK_space_factor_int=\count187
\l__xeCJK_begin_int=\count188
\l__xeCJK_end_int=\count189
\c__xeCJK_CJK_class_int=\XeTeXcharclass1
\c__xeCJK_FullLeft_class_int=\XeTeXcharclass2
\c__xeCJK_FullRight_class_int=\XeTeXcharclass3
\c__xeCJK_HalfLeft_class_int=\XeTeXcharclass4
\c__xeCJK_HalfRight_class_int=\XeTeXcharclass5
\c__xeCJK_NormalSpace_class_int=\XeTeXcharclass6
\c__xeCJK_CM_class_int=\XeTeXcharclass7
\c__xeCJK_HangulJamo_class_int=\XeTeXcharclass8
\l__xeCJK_last_skip=\skip51
\g__xeCJK_node_int=\count190
\c__xeCJK_CJK_node_dim=\dimen142
\c__xeCJK_CJK-space_node_dim=\dimen143
\c__xeCJK_default_node_dim=\dimen144
\c__xeCJK_default-space_node_dim=\dimen145
\c__xeCJK_CJK-widow_node_dim=\dimen146
\c__xeCJK_normalspace_node_dim=\dimen147
\l__xeCJK_ccglue_skip=\skip52
\l__xeCJK_ecglue_skip=\skip53
\l__xeCJK_punct_kern_skip=\skip54
\l__xeCJK_last_penalty_int=\count191
\l__xeCJK_last_bound_dim=\dimen148
\l__xeCJK_last_kern_dim=\dimen149
\l__xeCJK_widow_penalty_int=\count192

Package xtemplate Info: Declaring object type 'xeCJK/punctuation' taking 0
(xtemplate)             argument(s) on line 2341.

\l__xeCJK_fixed_punct_width_dim=\dimen150
\l__xeCJK_mixed_punct_width_dim=\dimen151
\l__xeCJK_middle_punct_width_dim=\dimen152
\l__xeCJK_fixed_margin_width_dim=\dimen153
\l__xeCJK_mixed_margin_width_dim=\dimen154
\l__xeCJK_middle_margin_width_dim=\dimen155
\l__xeCJK_bound_punct_width_dim=\dimen156
\l__xeCJK_bound_margin_width_dim=\dimen157
\l__xeCJK_margin_minimum_dim=\dimen158
\l__xeCJK_kerning_total_width_dim=\dimen159
\l__xeCJK_same_align_margin_dim=\dimen160
\l__xeCJK_different_align_margin_dim=\dimen161
\l__xeCJK_kerning_margin_width_dim=\dimen162
\l__xeCJK_kerning_margin_minimum_dim=\dimen163
\l__xeCJK_bound_dim=\dimen164
\l__xeCJK_reverse_bound_dim=\dimen165
\l__xeCJK_margin_dim=\dimen166
\l__xeCJK_minimum_bound_dim=\dimen167
\l__xeCJK_kerning_margin_dim=\dimen168
\g__xeCJK_family_int=\count193
\l__xeCJK_fam_int=\count194
\g__xeCJK_fam_allocation_int=\count195
\l__xeCJK_verb_case_int=\count196
\l__xeCJK_verb_exspace_skip=\skip55

(c:/Users/Lenovo/AppData/Roaming/TinyTeX/texmf-dist/tex/latex/fontspec/fontspec
.sty
Package: fontspec 2020/02/21 v2.7i Font selection for XeLaTeX and LuaLaTeX

(c:/Users/Lenovo/AppData/Roaming/TinyTeX/texmf-dist/tex/latex/fontspec/fontspec
-xetex.sty
Package: fontspec-xetex 2020/02/21 v2.7i Font selection for XeLaTeX and LuaLaTe
X
\l__fontspec_script_int=\count197
\l__fontspec_language_int=\count198
\l__fontspec_strnum_int=\count199
\l__fontspec_tmp_int=\count266
\l__fontspec_tmpa_int=\count267
\l__fontspec_tmpb_int=\count268
\l__fontspec_tmpc_int=\count269
\l__fontspec_em_int=\count270
\l__fontspec_emdef_int=\count271
\l__fontspec_strong_int=\count272
\l__fontspec_strongdef_int=\count273
\l__fontspec_tmpa_dim=\dimen169
\l__fontspec_tmpb_dim=\dimen170
\l__fontspec_tmpc_dim=\dimen171
(c:/Users/Lenovo/AppData/Roaming/TinyTeX/texmf-dist/tex/latex/base/fontenc.sty
Package: fontenc 2020/08/10 v2.0s Standard LaTeX package
)
(c:/Users/Lenovo/AppData/Roaming/TinyTeX/texmf-dist/tex/latex/fontspec/fontspec
.cfg)))
(c:/Users/Lenovo/AppData/Roaming/TinyTeX/texmf-dist/tex/xelatex/xecjk/xeCJK.cfg
File: xeCJK.cfg 2020/10/19 v3.8.6 Configuration file for xeCJK package
))
\ccwd=\dimen172
\l__ctex_ccglue_skip=\skip56
)
\l__ctex_ziju_dim=\dimen173

(c:/Users/Lenovo/AppData/Roaming/TinyTeX/texmf-dist/tex/latex/zhnumber/zhnumber
.sty
Package: zhnumber 2020/05/01 v2.8 Typesetting numbers with Chinese glyphs
\l__zhnum_scale_int=\count274

(c:/Users/Lenovo/AppData/Roaming/TinyTeX/texmf-dist/tex/latex/zhnumber/zhnumber
-utf8.cfg
File: zhnumber-utf8.cfg 2020/05/01 v2.8 Chinese numerals with UTF8 encoding
))
\l__ctex_heading_skip=\skip57

(c:/Users/Lenovo/AppData/Roaming/TinyTeX/texmf-dist/tex/latex/ctex/scheme/ctex-
scheme-chinese-article.def
File: ctex-scheme-chinese-article.def 2020/10/19 v2.5.5 Chinese scheme for arti
cle (CTEX)

(c:/Users/Lenovo/AppData/Roaming/TinyTeX/texmf-dist/tex/latex/ctex/config/ctex-
name-utf8.cfg
File: ctex-name-utf8.cfg 2020/10/19 v2.5.5 Caption with encoding UTF-8 (CTEX)
))
(c:/Users/Lenovo/AppData/Roaming/TinyTeX/texmf-dist/tex/latex/ctex/fontset/ctex
-fontset-windows.def
File: ctex-fontset-windows.def 2020/10/19 v2.5.5 Windows fonts definition (CTEX
)

Package fontspec Info: Could not resolve font "KaiTi/B" (it probably doesn't
(fontspec)             exist).


Package fontspec Info: Could not resolve font "SimHei/I" (it probably doesn't
(fontspec)             exist).


Package fontspec Info: Could not resolve font "SimSun/BI" (it probably doesn't
(fontspec)             exist).


Package fontspec Info: Font family 'SimSun(0)' created for font 'SimSun' with
(fontspec)             options
(fontspec)             [Script={CJK},BoldFont={SimHei},ItalicFont={KaiTi}].
(fontspec)              
(fontspec)              This font family consists of the following NFSS
(fontspec)             series/shapes:
(fontspec)              
(fontspec)             - 'normal' (m/n) with NFSS spec.:
(fontspec)             <->"SimSun/OT:script=hani;language=dflt;"
(fontspec)             - 'small caps'  (m/sc) with NFSS spec.: 
(fontspec)             - 'bold' (b/n) with NFSS spec.:
(fontspec)             <->"SimHei/OT:script=hani;language=dflt;"
(fontspec)             - 'bold small caps'  (b/sc) with NFSS spec.: 
(fontspec)             - 'italic' (m/it) with NFSS spec.:
(fontspec)             <->"KaiTi/OT:script=hani;language=dflt;"
(fontspec)             - 'italic small caps'  (m/scit) with NFSS spec.: 

))
(c:/Users/Lenovo/AppData/Roaming/TinyTeX/texmf-dist/tex/latex/ctex/config/ctex.
cfg
File: ctex.cfg 2020/10/19 v2.5.5 Configuration file (CTEX)
) (c:/Users/Lenovo/AppData/Roaming/TinyTeX/texmf-dist/tex/latex/lm/lmodern.sty
Package: lmodern 2009/10/30 v1.6 Latin Modern Fonts
LaTeX Font Info:    Overwriting symbol font `operators' in version `normal'
(Font)                  OT1/cmr/m/n --> OT1/lmr/m/n on input line 22.
LaTeX Font Info:    Overwriting symbol font `letters' in version `normal'
(Font)                  OML/cmm/m/it --> OML/lmm/m/it on input line 23.
LaTeX Font Info:    Overwriting symbol font `symbols' in version `normal'
(Font)                  OMS/cmsy/m/n --> OMS/lmsy/m/n on input line 24.
LaTeX Font Info:    Overwriting symbol font `largesymbols' in version `normal'
(Font)                  OMX/cmex/m/n --> OMX/lmex/m/n on input line 25.
LaTeX Font Info:    Overwriting symbol font `operators' in version `bold'
(Font)                  OT1/cmr/bx/n --> OT1/lmr/bx/n on input line 26.
LaTeX Font Info:    Overwriting symbol font `letters' in version `bold'
(Font)                  OML/cmm/b/it --> OML/lmm/b/it on input line 27.
LaTeX Font Info:    Overwriting symbol font `symbols' in version `bold'
(Font)                  OMS/cmsy/b/n --> OMS/lmsy/b/n on input line 28.
LaTeX Font Info:    Overwriting symbol font `largesymbols' in version `bold'
(Font)                  OMX/cmex/m/n --> OMX/lmex/m/n on input line 29.
LaTeX Font Info:    Overwriting math alphabet `\mathbf' in version `normal'
(Font)                  OT1/cmr/bx/n --> OT1/lmr/bx/n on input line 31.
LaTeX Font Info:    Overwriting math alphabet `\mathsf' in version `normal'
(Font)                  OT1/cmss/m/n --> OT1/lmss/m/n on input line 32.
LaTeX Font Info:    Overwriting math alphabet `\mathit' in version `normal'
(Font)                  OT1/cmr/m/it --> OT1/lmr/m/it on input line 33.
LaTeX Font Info:    Overwriting math alphabet `\mathtt' in version `normal'
(Font)                  OT1/cmtt/m/n --> OT1/lmtt/m/n on input line 34.
LaTeX Font Info:    Overwriting math alphabet `\mathbf' in version `bold'
(Font)                  OT1/cmr/bx/n --> OT1/lmr/bx/n on input line 35.
LaTeX Font Info:    Overwriting math alphabet `\mathsf' in version `bold'
(Font)                  OT1/cmss/bx/n --> OT1/lmss/bx/n on input line 36.
LaTeX Font Info:    Overwriting math alphabet `\mathit' in version `bold'
(Font)                  OT1/cmr/bx/it --> OT1/lmr/bx/it on input line 37.
LaTeX Font Info:    Overwriting math alphabet `\mathtt' in version `bold'
(Font)                  OT1/cmtt/m/n --> OT1/lmtt/m/n on input line 38.
)
(c:/Users/Lenovo/AppData/Roaming/TinyTeX/texmf-dist/tex/latex/amsfonts/amssymb.
sty
Package: amssymb 2013/01/14 v3.01 AMS font symbols

(c:/Users/Lenovo/AppData/Roaming/TinyTeX/texmf-dist/tex/latex/amsfonts/amsfonts
.sty
Package: amsfonts 2013/01/14 v3.01 Basic AMSFonts support
\@emptytoks=\toks15
\symAMSa=\mathgroup4
\symAMSb=\mathgroup5
LaTeX Font Info:    Redeclaring math symbol \hbar on input line 98.
LaTeX Font Info:    Overwriting math alphabet `\mathfrak' in version `bold'
(Font)                  U/euf/m/n --> U/euf/b/n on input line 106.
))
(c:/Users/Lenovo/AppData/Roaming/TinyTeX/texmf-dist/tex/latex/amsmath/amsmath.s
ty
Package: amsmath 2020/09/23 v2.17i AMS math features
\@mathmargin=\skip58
For additional information on amsmath, use the `?' option.

(c:/Users/Lenovo/AppData/Roaming/TinyTeX/texmf-dist/tex/latex/amsmath/amstext.s
ty
Package: amstext 2000/06/29 v2.01 AMS text

(c:/Users/Lenovo/AppData/Roaming/TinyTeX/texmf-dist/tex/latex/amsmath/amsgen.st
y
File: amsgen.sty 1999/11/30 v2.0 generic functions
\@emptytoks=\toks16
\ex@=\dimen174
))
(c:/Users/Lenovo/AppData/Roaming/TinyTeX/texmf-dist/tex/latex/amsmath/amsbsy.st
y
Package: amsbsy 1999/11/29 v1.2d Bold Symbols
\pmbraise@=\dimen175
)
(c:/Users/Lenovo/AppData/Roaming/TinyTeX/texmf-dist/tex/latex/amsmath/amsopn.st
y
Package: amsopn 2016/03/08 v2.02 operator names
)
\inf@bad=\count275
LaTeX Info: Redefining \frac on input line 234.
\uproot@=\count276
\leftroot@=\count277
LaTeX Info: Redefining \overline on input line 399.
\classnum@=\count278
\DOTSCASE@=\count279
LaTeX Info: Redefining \ldots on input line 496.
LaTeX Info: Redefining \dots on input line 499.
LaTeX Info: Redefining \cdots on input line 620.
\Mathstrutbox@=\box50
\strutbox@=\box51
\big@size=\dimen176
LaTeX Font Info:    Redeclaring font encoding OML on input line 743.
LaTeX Font Info:    Redeclaring font encoding OMS on input line 744.
\macc@depth=\count280
\c@MaxMatrixCols=\count281
\dotsspace@=\muskip17
\c@parentequation=\count282
\dspbrk@lvl=\count283
\tag@help=\toks17
\row@=\count284
\column@=\count285
\maxfields@=\count286
\andhelp@=\toks18
\eqnshift@=\dimen177
\alignsep@=\dimen178
\tagshift@=\dimen179
\tagwidth@=\dimen180
\totwidth@=\dimen181
\lineht@=\dimen182
\@envbody=\toks19
\multlinegap=\skip59
\multlinetaggap=\skip60
\mathdisplay@stack=\toks20
LaTeX Info: Redefining \[ on input line 2923.
LaTeX Info: Redefining \] on input line 2924.
)
(c:/Users/Lenovo/AppData/Roaming/TinyTeX/texmf-dist/tex/generic/iftex/ifxetex.s
ty
Package: ifxetex 2019/10/25 v0.7 ifxetex legacy package. Use iftex instead.

(c:/Users/Lenovo/AppData/Roaming/TinyTeX/texmf-dist/tex/generic/iftex/iftex.sty
Package: iftex 2020/03/06 v1.0d TeX engine tests
))
(c:/Users/Lenovo/AppData/Roaming/TinyTeX/texmf-dist/tex/generic/iftex/ifluatex.
sty
Package: ifluatex 2019/10/25 v1.5 ifluatex legacy package. Use iftex instead.
)
(c:/Users/Lenovo/AppData/Roaming/TinyTeX/texmf-dist/tex/latex/unicode-math/unic
ode-math.sty
Package: unicode-math 2020/01/31 v0.8q Unicode maths in XeLaTeX and LuaLaTeX

(c:/Users/Lenovo/AppData/Roaming/TinyTeX/texmf-dist/tex/latex/unicode-math/unic
ode-math-xetex.sty
Package: unicode-math-xetex 2020/01/31 v0.8q Unicode maths in XeLaTeX and LuaLa
TeX
\g__um_fam_int=\count287
\g__um_fonts_used_int=\count288
\l__um_primecount_int=\count289
\g__um_primekern_muskip=\muskip18

(c:/Users/Lenovo/AppData/Roaming/TinyTeX/texmf-dist/tex/latex/unicode-math/unic
ode-math-table.tex)))
(c:/Users/Lenovo/AppData/Roaming/TinyTeX/texmf-dist/tex/latex/upquote/upquote.s
ty
Package: upquote 2012/04/19 v1.3 upright-quote and grave-accent glyphs in verba
tim

(c:/Users/Lenovo/AppData/Roaming/TinyTeX/texmf-dist/tex/latex/base/textcomp.sty
Package: textcomp 2020/02/02 v2.0n Standard LaTeX package
))
(c:/Users/Lenovo/AppData/Roaming/TinyTeX/texmf-dist/tex/latex/xcolor/xcolor.sty
Package: xcolor 2016/05/11 v2.12 LaTeX color extensions (UK)

(c:/Users/Lenovo/AppData/Roaming/TinyTeX/texmf-dist/tex/latex/graphics-cfg/colo
r.cfg
File: color.cfg 2016/01/02 v1.6 sample color configuration
)
Package xcolor Info: Driver file: xetex.def on input line 225.

(c:/Users/Lenovo/AppData/Roaming/TinyTeX/texmf-dist/tex/latex/graphics-def/xete
x.def
File: xetex.def 2020/08/26 v5.0i Graphics/color driver for xetex
)
Package xcolor Info: Model `cmy' substituted by `cmy0' on input line 1348.
Package xcolor Info: Model `RGB' extended on input line 1364.
Package xcolor Info: Model `HTML' substituted by `rgb' on input line 1366.
Package xcolor Info: Model `Hsb' substituted by `hsb' on input line 1367.
Package xcolor Info: Model `tHsb' substituted by `hsb' on input line 1368.
Package xcolor Info: Model `HSB' substituted by `hsb' on input line 1369.
Package xcolor Info: Model `Gray' substituted by `gray' on input line 1370.
Package xcolor Info: Model `wave' substituted by `hsb' on input line 1371.

(c:/Users/Lenovo/AppData/Roaming/TinyTeX/texmf-dist/tex/latex/graphics/dvipsnam
.def
File: dvipsnam.def 2016/06/17 v3.0m Driver-dependent file (DPC,SPQR)
)
(c:/Users/Lenovo/AppData/Roaming/TinyTeX/texmf-dist/tex/latex/xcolor/svgnam.def
File: svgnam.def 2016/05/11 v2.12 Predefined colors according to SVG 1.1 (UK)
)
(c:/Users/Lenovo/AppData/Roaming/TinyTeX/texmf-dist/tex/latex/xcolor/x11nam.def
File: x11nam.def 2016/05/11 v2.12 Predefined colors according to Unix/X11 (UK)
))
(c:/Users/Lenovo/AppData/Roaming/TinyTeX/texmf-dist/tex/latex/hyperref/hyperref
.sty
Package: hyperref 2020-05-15 v7.00e Hypertext links for LaTeX

(c:/Users/Lenovo/AppData/Roaming/TinyTeX/texmf-dist/tex/generic/ltxcmds/ltxcmds
.sty
Package: ltxcmds 2020-05-10 v1.25 LaTeX kernel commands for general use (HO)
)
(c:/Users/Lenovo/AppData/Roaming/TinyTeX/texmf-dist/tex/generic/pdftexcmds/pdft
excmds.sty
Package: pdftexcmds 2020-06-27 v0.33 Utility functions of pdfTeX for LuaTeX (HO
)

(c:/Users/Lenovo/AppData/Roaming/TinyTeX/texmf-dist/tex/generic/infwarerr/infwa
rerr.sty
Package: infwarerr 2019/12/03 v1.5 Providing info/warning/error messages (HO)
)
Package pdftexcmds Info: \pdf@primitive is available.
Package pdftexcmds Info: \pdf@ifprimitive is available.
Package pdftexcmds Info: \pdfdraftmode not found.
)
(c:/Users/Lenovo/AppData/Roaming/TinyTeX/texmf-dist/tex/latex/graphics/keyval.s
ty
Package: keyval 2014/10/28 v1.15 key=value parser (DPC)
\KV@toks@=\toks21
)
(c:/Users/Lenovo/AppData/Roaming/TinyTeX/texmf-dist/tex/generic/kvsetkeys/kvset
keys.sty
Package: kvsetkeys 2019/12/15 v1.18 Key value parser (HO)
)
(c:/Users/Lenovo/AppData/Roaming/TinyTeX/texmf-dist/tex/generic/kvdefinekeys/kv
definekeys.sty
Package: kvdefinekeys 2019-12-19 v1.6 Define keys (HO)
)
(c:/Users/Lenovo/AppData/Roaming/TinyTeX/texmf-dist/tex/generic/pdfescape/pdfes
cape.sty
Package: pdfescape 2019/12/09 v1.15 Implements pdfTeX's escape features (HO)
)
(c:/Users/Lenovo/AppData/Roaming/TinyTeX/texmf-dist/tex/latex/hycolor/hycolor.s
ty
Package: hycolor 2020-01-27 v1.10 Color options for hyperref/bookmark (HO)
)
(c:/Users/Lenovo/AppData/Roaming/TinyTeX/texmf-dist/tex/latex/letltxmacro/letlt
xmacro.sty
Package: letltxmacro 2019/12/03 v1.6 Let assignment for LaTeX macros (HO)
)
(c:/Users/Lenovo/AppData/Roaming/TinyTeX/texmf-dist/tex/latex/auxhook/auxhook.s
ty
Package: auxhook 2019-12-17 v1.6 Hooks for auxiliary files (HO)
)
(c:/Users/Lenovo/AppData/Roaming/TinyTeX/texmf-dist/tex/latex/kvoptions/kvoptio
ns.sty
Package: kvoptions 2020-10-07 v3.14 Key value format for package options (HO)
)
\@linkdim=\dimen183
\Hy@linkcounter=\count290
\Hy@pagecounter=\count291

(c:/Users/Lenovo/AppData/Roaming/TinyTeX/texmf-dist/tex/latex/hyperref/pd1enc.d
ef
File: pd1enc.def 2020-05-15 v7.00e Hyperref: PDFDocEncoding definition (HO)
)
(c:/Users/Lenovo/AppData/Roaming/TinyTeX/texmf-dist/tex/generic/intcalc/intcalc
.sty
Package: intcalc 2019/12/15 v1.3 Expandable calculations with integers (HO)
)
(c:/Users/Lenovo/AppData/Roaming/TinyTeX/texmf-dist/tex/generic/etexcmds/etexcm
ds.sty
Package: etexcmds 2019/12/15 v1.7 Avoid name clashes with e-TeX commands (HO)
)
\Hy@SavedSpaceFactor=\count292
Package hyperref Info: Option `unicode' set `true' on input line 4338.

(c:/Users/Lenovo/AppData/Roaming/TinyTeX/texmf-dist/tex/latex/hyperref/puenc.de
f
File: puenc.def 2020-05-15 v7.00e Hyperref: PDF Unicode definition (HO)
)
Package hyperref Info: Option `unicode' set `true' on input line 4338.
Package hyperref Info: Hyper figures OFF on input line 4464.
Package hyperref Info: Link nesting OFF on input line 4469.
Package hyperref Info: Hyper index ON on input line 4472.
Package hyperref Info: Plain pages OFF on input line 4479.
Package hyperref Info: Backreferencing OFF on input line 4484.
Package hyperref Info: Implicit mode ON; LaTeX internals redefined.
Package hyperref Info: Bookmarks ON on input line 4717.
\c@Hy@tempcnt=\count293
(c:/Users/Lenovo/AppData/Roaming/TinyTeX/texmf-dist/tex/latex/url/url.sty
\Urlmuskip=\muskip19
Package: url 2013/09/16  ver 3.4  Verb mode for urls, etc.
)
LaTeX Info: Redefining \url on input line 5076.
\XeTeXLinkMargin=\dimen184

(c:/Users/Lenovo/AppData/Roaming/TinyTeX/texmf-dist/tex/generic/bitset/bitset.s
ty
Package: bitset 2019/12/09 v1.3 Handle bit-vector datatype (HO)

(c:/Users/Lenovo/AppData/Roaming/TinyTeX/texmf-dist/tex/generic/bigintcalc/bigi
ntcalc.sty
Package: bigintcalc 2019/12/15 v1.5 Expandable calculations on big integers (HO
)
))
\Fld@menulength=\count294
\Field@Width=\dimen185
\Fld@charsize=\dimen186
Package hyperref Info: Hyper figures OFF on input line 6347.
Package hyperref Info: Link nesting OFF on input line 6352.
Package hyperref Info: Hyper index ON on input line 6355.
Package hyperref Info: backreferencing OFF on input line 6362.
Package hyperref Info: Link coloring OFF on input line 6367.
Package hyperref Info: Link coloring with OCG OFF on input line 6372.
Package hyperref Info: PDF/A mode OFF on input line 6377.
LaTeX Info: Redefining \ref on input line 6417.
LaTeX Info: Redefining \pageref on input line 6421.

(c:/Users/Lenovo/AppData/Roaming/TinyTeX/texmf-dist/tex/latex/base/atbegshi-ltx
.sty
Package: atbegshi-ltx 2020/08/17 v1.0a Emulation of the original atbegshi packa
ge
with kernel methods
)
\Hy@abspage=\count295
\c@Item=\count296
\c@Hfootnote=\count297
)
Package hyperref Info: Driver (autodetected): hxetex.

(c:/Users/Lenovo/AppData/Roaming/TinyTeX/texmf-dist/tex/latex/hyperref/hxetex.d
ef
File: hxetex.def 2020-05-15 v7.00e Hyperref driver for XeTeX

(c:/Users/Lenovo/AppData/Roaming/TinyTeX/texmf-dist/tex/generic/stringenc/strin
genc.sty
Package: stringenc 2019/11/29 v1.12 Convert strings between diff. encodings (HO
)
)
\pdfm@box=\box52
\c@Hy@AnnotLevel=\count298
\HyField@AnnotCount=\count299
\Fld@listcount=\count300
\c@bookmark@seq@number=\count301

(c:/Users/Lenovo/AppData/Roaming/TinyTeX/texmf-dist/tex/latex/rerunfilecheck/re
runfilecheck.sty
Package: rerunfilecheck 2019/12/05 v1.9 Rerun checks for auxiliary files (HO)

(c:/Users/Lenovo/AppData/Roaming/TinyTeX/texmf-dist/tex/latex/base/atveryend-lt
x.sty
Package: atveryend-ltx 2020/08/19 v1.0a Emulation of the original atvery packag
e
with kernel methods
)
(c:/Users/Lenovo/AppData/Roaming/TinyTeX/texmf-dist/tex/generic/uniquecounter/u
niquecounter.sty
Package: uniquecounter 2019/12/15 v1.4 Provide unlimited unique counter (HO)
)
Package uniquecounter Info: New unique counter `rerunfilecheck' on input line 2
86.
)
\Hy@SectionHShift=\skip61
)
Package hyperref Info: Option `colorlinks' set `true' on input line 49.

(c:/Users/Lenovo/AppData/Roaming/TinyTeX/texmf-dist/tex/latex/geometry/geometry
.sty
Package: geometry 2020/01/02 v5.9 Page Geometry

(c:/Users/Lenovo/AppData/Roaming/TinyTeX/texmf-dist/tex/generic/iftex/ifvtex.st
y
Package: ifvtex 2019/10/25 v1.7 ifvtex legacy package. Use iftex instead.
)
\Gm@cnth=\count302
\Gm@cntv=\count303
\c@Gm@tempcnt=\count304
\Gm@bindingoffset=\dimen187
\Gm@wd@mp=\dimen188
\Gm@odd@mp=\dimen189
\Gm@even@mp=\dimen190
\Gm@layoutwidth=\dimen191
\Gm@layoutheight=\dimen192
\Gm@layouthoffset=\dimen193
\Gm@layoutvoffset=\dimen194
\Gm@dimlist=\toks22
)
(c:/Users/Lenovo/AppData/Roaming/TinyTeX/texmf-dist/tex/latex/fancyvrb/fancyvrb
.sty
Package: fancyvrb 2020/05/03 v3.6 verbatim text (tvz,hv)
\FV@CodeLineNo=\count305
\FV@InFile=\read2
\FV@TabBox=\box53
\c@FancyVerbLine=\count306
\FV@StepNumber=\count307
\FV@OutFile=\write3
)
(c:/Users/Lenovo/AppData/Roaming/TinyTeX/texmf-dist/tex/latex/framed/framed.sty
Package: framed 2011/10/22 v 0.96: framed or shaded text with page breaks
\OuterFrameSep=\skip62
\fb@frw=\dimen195
\fb@frh=\dimen196
\FrameRule=\dimen197
\FrameSep=\dimen198
)
(c:/Users/Lenovo/AppData/Roaming/TinyTeX/texmf-dist/tex/latex/tools/longtable.s
ty
Package: longtable 2020/01/07 v4.13 Multi-page Table package (DPC)
\LTleft=\skip63
\LTright=\skip64
\LTpre=\skip65
\LTpost=\skip66
\LTchunksize=\count308
\LTcapwidth=\dimen199
\LT@head=\box54
\LT@firsthead=\box55
\LT@foot=\box56
\LT@lastfoot=\box57
\LT@cols=\count309
\LT@rows=\count310
\c@LT@tables=\count311
\c@LT@chunks=\count312
\LT@p@ftn=\toks23
)
(c:/Users/Lenovo/AppData/Roaming/TinyTeX/texmf-dist/tex/latex/booktabs/booktabs
.sty
Package: booktabs 2020/01/12 v1.61803398 Publication quality tables
\heavyrulewidth=\dimen256
\lightrulewidth=\dimen257
\cmidrulewidth=\dimen258
\belowrulesep=\dimen259
\belowbottomsep=\dimen260
\aboverulesep=\dimen261
\abovetopsep=\dimen262
\cmidrulesep=\dimen263
\cmidrulekern=\dimen264
\defaultaddspace=\dimen265
\@cmidla=\count313
\@cmidlb=\count314
\@aboverulesep=\dimen266
\@belowrulesep=\dimen267
\@thisruleclass=\count315
\@lastruleclass=\count316
\@thisrulewidth=\dimen268
)
(c:/Users/Lenovo/AppData/Roaming/TinyTeX/texmf-dist/tex/latex/etoolbox/etoolbox
.sty
Package: etoolbox 2020/10/05 v2.5k e-TeX tools for LaTeX (JAW)
\etb@tempcnta=\count317
)
(c:/Users/Lenovo/AppData/Roaming/TinyTeX/texmf-dist/tex/latex/mdwtools/footnote
.sty
Package: footnote 1997/01/28 1.13 Save footnotes around boxes
\fn@notes=\box58
\fn@width=\dimen269
)
(c:/Users/Lenovo/AppData/Roaming/TinyTeX/texmf-dist/tex/latex/graphics/graphicx
.sty
Package: graphicx 2020/09/09 v1.2b Enhanced LaTeX Graphics (DPC,SPQR)

(c:/Users/Lenovo/AppData/Roaming/TinyTeX/texmf-dist/tex/latex/graphics/graphics
.sty
Package: graphics 2020/08/30 v1.4c Standard LaTeX Graphics (DPC,SPQR)

(c:/Users/Lenovo/AppData/Roaming/TinyTeX/texmf-dist/tex/latex/graphics/trig.sty
Package: trig 2016/01/03 v1.10 sin cos tan (DPC)
)
(c:/Users/Lenovo/AppData/Roaming/TinyTeX/texmf-dist/tex/latex/graphics-cfg/grap
hics.cfg
File: graphics.cfg 2016/06/04 v1.11 sample graphics configuration
)
Package graphics Info: Driver file: xetex.def on input line 105.
)
\Gin@req@height=\dimen270
\Gin@req@width=\dimen271
)
(c:/Users/Lenovo/AppData/Roaming/TinyTeX/texmf-dist/tex/latex/grffile/grffile.s
ty
Package: grffile 2019/11/11 v2.1 Extended file name support for graphics (legac
y)
Package grffile Info: This package is an empty stub for compatibility on input 
line 40.
)
(c:/Users/Lenovo/AppData/Roaming/TinyTeX/texmf-dist/tex/latex/sourcecodepro/sou
rcecodepro.sty
Package: sourcecodepro 2018/01/13 v2.7 Adobe's Source Code Pro typeface

(c:/Users/Lenovo/AppData/Roaming/TinyTeX/texmf-dist/tex/latex/xkeyval/xkeyval.s
ty
Package: xkeyval 2014/12/03 v2.7a package option processing (HA)

(c:/Users/Lenovo/AppData/Roaming/TinyTeX/texmf-dist/tex/generic/xkeyval/xkeyval
.tex
(c:/Users/Lenovo/AppData/Roaming/TinyTeX/texmf-dist/tex/generic/xkeyval/xkvutil
s.tex
\XKV@toks=\toks24
\XKV@tempa@toks=\toks25
)
\XKV@depth=\count318
File: xkeyval.tex 2014/12/03 v2.7a key=value parser (HA)
))

Package fontspec Info: Font family 'SourceCodePro(0)' created for font
(fontspec)             'SourceCodePro' with options [Ligatures =,Numbers
(fontspec)             =,Scale = 0.85,Extension =
(fontspec)             .otf,WordSpace={1,0,0},HyphenChar=None,PunctuationSpace=
WordSpace,UprightFont
(fontspec)             = *-Regular,ItalicFont = *-RegularIt,BoldFont =
(fontspec)             *-Bold,BoldItalicFont = *-BoldIt].
(fontspec)              
(fontspec)              This font family consists of the following NFSS
(fontspec)             series/shapes:
(fontspec)              
(fontspec)             - 'normal' (m/n) with NFSS spec.:
(fontspec)             <->s*[0.85]"[SourceCodePro-Regular.otf]/OT:script=latn;l
anguage=dflt;"
(fontspec)             - 'small caps'  (m/sc) with NFSS spec.: 
(fontspec)             and font adjustment code:
(fontspec)             \fontdimen 2\font =1\fontdimen 2\font \fontdimen 3\font
(fontspec)             =0\fontdimen 3\font \fontdimen 4\font =0\fontdimen
(fontspec)             4\font \fontdimen 7\font =0\fontdimen 2\font
(fontspec)             \tex_hyphenchar:D \font =-1\scan_stop: 
(fontspec)             - 'bold' (b/n) with NFSS spec.:
(fontspec)             <->s*[0.85]"[SourceCodePro-Bold.otf]/OT:script=latn;lang
uage=dflt;"
(fontspec)             - 'bold small caps'  (b/sc) with NFSS spec.: 
(fontspec)             and font adjustment code:
(fontspec)             \fontdimen 2\font =1\fontdimen 2\font \fontdimen 3\font
(fontspec)             =0\fontdimen 3\font \fontdimen 4\font =0\fontdimen
(fontspec)             4\font \fontdimen 7\font =0\fontdimen 2\font
(fontspec)             \tex_hyphenchar:D \font =-1\scan_stop: 
(fontspec)             - 'italic' (m/it) with NFSS spec.:
(fontspec)             <->s*[0.85]"[SourceCodePro-RegularIt.otf]/OT:script=latn
;language=dflt;"
(fontspec)             - 'italic small caps'  (m/scit) with NFSS spec.: 
(fontspec)             and font adjustment code:
(fontspec)             \fontdimen 2\font =1\fontdimen 2\font \fontdimen 3\font
(fontspec)             =0\fontdimen 3\font \fontdimen 4\font =0\fontdimen
(fontspec)             4\font \fontdimen 7\font =0\fontdimen 2\font
(fontspec)             \tex_hyphenchar:D \font =-1\scan_stop: 
(fontspec)             - 'bold italic' (b/it) with NFSS spec.:
(fontspec)             <->s*[0.85]"[SourceCodePro-BoldIt.otf]/OT:script=latn;la
nguage=dflt;"
(fontspec)             - 'bold italic small caps'  (b/scit) with NFSS spec.: 
(fontspec)             and font adjustment code:
(fontspec)             \fontdimen 2\font =1\fontdimen 2\font \fontdimen 3\font
(fontspec)             =0\fontdimen 3\font \fontdimen 4\font =0\fontdimen
(fontspec)             4\font \fontdimen 7\font =0\fontdimen 2\font
(fontspec)             \tex_hyphenchar:D \font =-1\scan_stop: 


Package fontspec Info: Font family 'SourceCodePro(1)' created for font
(fontspec)             'SourceCodePro' with options [Ligatures =,Numbers
(fontspec)             =,Scale = 0.85,Extension = .otf,UprightFont =
(fontspec)             *-Regular,ItalicFont = *-RegularIt,BoldFont =
(fontspec)             *-Bold,BoldItalicFont = *-BoldIt].
(fontspec)              
(fontspec)              This font family consists of the following NFSS
(fontspec)             series/shapes:
(fontspec)              
(fontspec)             - 'normal' (m/n) with NFSS spec.:
(fontspec)             <->s*[0.85]"[SourceCodePro-Regular.otf]/OT:script=latn;l
anguage=dflt;"
(fontspec)             - 'small caps'  (m/sc) with NFSS spec.: 
(fontspec)             - 'bold' (b/n) with NFSS spec.:
(fontspec)             <->s*[0.85]"[SourceCodePro-Bold.otf]/OT:script=latn;lang
uage=dflt;"
(fontspec)             - 'bold small caps'  (b/sc) with NFSS spec.: 
(fontspec)             - 'italic' (m/it) with NFSS spec.:
(fontspec)             <->s*[0.85]"[SourceCodePro-RegularIt.otf]/OT:script=latn
;language=dflt;"
(fontspec)             - 'italic small caps'  (m/scit) with NFSS spec.: 
(fontspec)             - 'bold italic' (b/it) with NFSS spec.:
(fontspec)             <->s*[0.85]"[SourceCodePro-BoldIt.otf]/OT:script=latn;la
nguage=dflt;"
(fontspec)             - 'bold italic small caps'  (b/scit) with NFSS spec.: 

LaTeX Font Info:    Overwriting math alphabet `\mathtt' in version `normal'
(Font)                  OT1/lmtt/m/n --> TU/SourceCodePro(1)/m/n on input line 
121.
LaTeX Font Info:    Overwriting math alphabet `\mathtt' in version `bold'
(Font)                  OT1/lmtt/m/n --> TU/SourceCodePro(1)/bx/n on input line
 121.

Package fontspec Info: Font family 'SourceCodePro(2)' created for font
(fontspec)             'SourceCodePro' with options [Ligatures =,Numbers
(fontspec)             =,Scale = 0.85,Extension = .otf,UprightFont =
(fontspec)             *-Medium,ItalicFont = *-MediumIt,BoldFont =
(fontspec)             *-Bold,BoldItalicFont = *-BoldIt].
(fontspec)              
(fontspec)              This font family consists of the following NFSS
(fontspec)             series/shapes:
(fontspec)              
(fontspec)             - 'normal' (m/n) with NFSS spec.:
(fontspec)             <->s*[0.85]"[SourceCodePro-Medium.otf]/OT:script=latn;la
nguage=dflt;"
(fontspec)             - 'small caps'  (m/sc) with NFSS spec.: 
(fontspec)             - 'bold' (b/n) with NFSS spec.:
(fontspec)             <->s*[0.85]"[SourceCodePro-Bold.otf]/OT:script=latn;lang
uage=dflt;"
(fontspec)             - 'bold small caps'  (b/sc) with NFSS spec.: 
(fontspec)             - 'italic' (m/it) with NFSS spec.:
(fontspec)             <->s*[0.85]"[SourceCodePro-MediumIt.otf]/OT:script=latn;
language=dflt;"
(fontspec)             - 'italic small caps'  (m/scit) with NFSS spec.: 
(fontspec)             - 'bold italic' (b/it) with NFSS spec.:
(fontspec)             <->s*[0.85]"[SourceCodePro-BoldIt.otf]/OT:script=latn;la
nguage=dflt;"
(fontspec)             - 'bold italic small caps'  (b/scit) with NFSS spec.: 


Package fontspec Info: Font family 'SourceCodePro(3)' created for font
(fontspec)             'SourceCodePro' with options [Ligatures =,Numbers
(fontspec)             =,Scale = 0.85,Extension = .otf,UprightFont =
(fontspec)             *-Light,ItalicFont = *-LightIt,BoldFont =
(fontspec)             *-Semibold,BoldItalicFont = *-SemiboldIt].
(fontspec)              
(fontspec)              This font family consists of the following NFSS
(fontspec)             series/shapes:
(fontspec)              
(fontspec)             - 'normal' (m/n) with NFSS spec.:
(fontspec)             <->s*[0.85]"[SourceCodePro-Light.otf]/OT:script=latn;lan
guage=dflt;"
(fontspec)             - 'small caps'  (m/sc) with NFSS spec.: 
(fontspec)             - 'bold' (b/n) with NFSS spec.:
(fontspec)             <->s*[0.85]"[SourceCodePro-Semibold.otf]/OT:script=latn;
language=dflt;"
(fontspec)             - 'bold small caps'  (b/sc) with NFSS spec.: 
(fontspec)             - 'italic' (m/it) with NFSS spec.:
(fontspec)             <->s*[0.85]"[SourceCodePro-LightIt.otf]/OT:script=latn;l
anguage=dflt;"
(fontspec)             - 'italic small caps'  (m/scit) with NFSS spec.: 
(fontspec)             - 'bold italic' (b/it) with NFSS spec.:
(fontspec)             <->s*[0.85]"[SourceCodePro-SemiboldIt.otf]/OT:script=lat
n;language=dflt;"
(fontspec)             - 'bold italic small caps'  (b/scit) with NFSS spec.: 


Package fontspec Info: Font family 'SourceCodePro(4)' created for font
(fontspec)             'SourceCodePro' with options [Ligatures =,Numbers
(fontspec)             =,Scale = 0.85,Extension = .otf,UprightFont =
(fontspec)             *-ExtraLight,ItalicFont = *-ExtraLightIt,BoldFont =
(fontspec)             *-Black,BoldItalicFont = *-BlackIt].
(fontspec)              
(fontspec)              This font family consists of the following NFSS
(fontspec)             series/shapes:
(fontspec)              
(fontspec)             - 'normal' (m/n) with NFSS spec.:
(fontspec)             <->s*[0.85]"[SourceCodePro-ExtraLight.otf]/OT:script=lat
n;language=dflt;"
(fontspec)             - 'small caps'  (m/sc) with NFSS spec.: 
(fontspec)             - 'bold' (b/n) with NFSS spec.:
(fontspec)             <->s*[0.85]"[SourceCodePro-Black.otf]/OT:script=latn;lan
guage=dflt;"
(fontspec)             - 'bold small caps'  (b/sc) with NFSS spec.: 
(fontspec)             - 'italic' (m/it) with NFSS spec.:
(fontspec)             <->s*[0.85]"[SourceCodePro-ExtraLightIt.otf]/OT:script=l
atn;language=dflt;"
(fontspec)             - 'italic small caps'  (m/scit) with NFSS spec.: 
(fontspec)             - 'bold italic' (b/it) with NFSS spec.:
(fontspec)             <->s*[0.85]"[SourceCodePro-BlackIt.otf]/OT:script=latn;l
anguage=dflt;"
(fontspec)             - 'bold italic small caps'  (b/scit) with NFSS spec.: 


Package fontspec Info: Font family 'SourceCodePro(5)' created for font
(fontspec)             'SourceCodePro' with options [Ligatures =,Numbers
(fontspec)             =,Scale = 0.85,Extension = .otf,Numbers =,UprightFont =
(fontspec)             *-Regular,ItalicFont = *-RegularIt,BoldFont =
(fontspec)             *-Bold,BoldItalicFont = *-BoldIt].
(fontspec)              
(fontspec)              This font family consists of the following NFSS
(fontspec)             series/shapes:
(fontspec)              
(fontspec)             - 'normal' (m/n) with NFSS spec.:
(fontspec)             <->s*[0.85]"[SourceCodePro-Regular.otf]/OT:script=latn;l
anguage=dflt;"
(fontspec)             - 'small caps'  (m/sc) with NFSS spec.: 
(fontspec)             - 'bold' (b/n) with NFSS spec.:
(fontspec)             <->s*[0.85]"[SourceCodePro-Bold.otf]/OT:script=latn;lang
uage=dflt;"
(fontspec)             - 'bold small caps'  (b/sc) with NFSS spec.: 
(fontspec)             - 'italic' (m/it) with NFSS spec.:
(fontspec)             <->s*[0.85]"[SourceCodePro-RegularIt.otf]/OT:script=latn
;language=dflt;"
(fontspec)             - 'italic small caps'  (m/scit) with NFSS spec.: 
(fontspec)             - 'bold italic' (b/it) with NFSS spec.:
(fontspec)             <->s*[0.85]"[SourceCodePro-BoldIt.otf]/OT:script=latn;la
nguage=dflt;"
(fontspec)             - 'bold italic small caps'  (b/scit) with NFSS spec.: 

)
(c:/Users/Lenovo/AppData/Roaming/TinyTeX/texmf-dist/tex/latex/sourceserifpro/so
urceserifpro.sty
Package: sourceserifpro 2018/11/10 v1.4 Adobe's Source Serif Pro typeface

Package fontspec Info: Font family 'SourceSerifPro(0)' created for font
(fontspec)             'SourceSerifPro' with options [Ligatures = TeX,Numbers
(fontspec)             = {Proportional, },Scale = 1,Extension =
(fontspec)             .otf,Ligatures=TeX,Scale=1,UprightFont =
(fontspec)             *-Regular,ItalicFont = *-RegularIt,BoldFont =
(fontspec)             *-Bold,BoldItalicFont = *-BoldIt].
(fontspec)              
(fontspec)              This font family consists of the following NFSS
(fontspec)             series/shapes:
(fontspec)              
(fontspec)             - 'normal' (m/n) with NFSS spec.:
(fontspec)             <->s*[1]"[SourceSerifPro-Regular.otf]/OT:script=latn;lan
guage=dflt;+pnum;mapping=tex-text;"
(fontspec)             - 'small caps'  (m/sc) with NFSS spec.:
(fontspec)             <->s*[1]"[SourceSerifPro-Regular.otf]/OT:script=latn;lan
guage=dflt;+pnum;+smcp;mapping=tex-text;"
(fontspec)             - 'bold' (b/n) with NFSS spec.:
(fontspec)             <->s*[1]"[SourceSerifPro-Bold.otf]/OT:script=latn;langua
ge=dflt;+pnum;mapping=tex-text;"
(fontspec)             - 'bold small caps'  (b/sc) with NFSS spec.:
(fontspec)             <->s*[1]"[SourceSerifPro-Bold.otf]/OT:script=latn;langua
ge=dflt;+pnum;+smcp;mapping=tex-text;"
(fontspec)             - 'italic' (m/it) with NFSS spec.:
(fontspec)             <->s*[1]"[SourceSerifPro-RegularIt.otf]/OT:script=latn;l
anguage=dflt;+pnum;mapping=tex-text;"
(fontspec)             - 'italic small caps'  (m/scit) with NFSS spec.: 
(fontspec)             - 'bold italic' (b/it) with NFSS spec.:
(fontspec)             <->s*[1]"[SourceSerifPro-BoldIt.otf]/OT:script=latn;lang
uage=dflt;+pnum;mapping=tex-text;"
(fontspec)             - 'bold italic small caps'  (b/scit) with NFSS spec.: 


Package fontspec Info: Font family 'SourceSerifPro(1)' created for font
(fontspec)             'SourceSerifPro' with options [Ligatures = TeX,Numbers
(fontspec)             = {Proportional, },Scale = 1,Extension =
(fontspec)             .otf,UprightFont = *-Regular,ItalicFont =
(fontspec)             *-RegularIt,BoldFont = *-Bold,BoldItalicFont =
(fontspec)             *-BoldIt].
(fontspec)              
(fontspec)              This font family consists of the following NFSS
(fontspec)             series/shapes:
(fontspec)              
(fontspec)             - 'normal' (m/n) with NFSS spec.:
(fontspec)             <->s*[1]"[SourceSerifPro-Regular.otf]/OT:script=latn;lan
guage=dflt;+pnum;mapping=tex-text;"
(fontspec)             - 'small caps'  (m/sc) with NFSS spec.:
(fontspec)             <->s*[1]"[SourceSerifPro-Regular.otf]/OT:script=latn;lan
guage=dflt;+pnum;+smcp;mapping=tex-text;"
(fontspec)             - 'bold' (b/n) with NFSS spec.:
(fontspec)             <->s*[1]"[SourceSerifPro-Bold.otf]/OT:script=latn;langua
ge=dflt;+pnum;mapping=tex-text;"
(fontspec)             - 'bold small caps'  (b/sc) with NFSS spec.:
(fontspec)             <->s*[1]"[SourceSerifPro-Bold.otf]/OT:script=latn;langua
ge=dflt;+pnum;+smcp;mapping=tex-text;"
(fontspec)             - 'italic' (m/it) with NFSS spec.:
(fontspec)             <->s*[1]"[SourceSerifPro-RegularIt.otf]/OT:script=latn;l
anguage=dflt;+pnum;mapping=tex-text;"
(fontspec)             - 'italic small caps'  (m/scit) with NFSS spec.: 
(fontspec)             - 'bold italic' (b/it) with NFSS spec.:
(fontspec)             <->s*[1]"[SourceSerifPro-BoldIt.otf]/OT:script=latn;lang
uage=dflt;+pnum;mapping=tex-text;"
(fontspec)             - 'bold italic small caps'  (b/scit) with NFSS spec.: 

LaTeX Font Info:    Overwriting math alphabet `\mathrm' in version `normal'
(Font)                  OT1/lmr/m/n --> TU/SourceSerifPro(1)/m/n on input line 
120.
LaTeX Font Info:    Overwriting math alphabet `\mathit' in version `normal'
(Font)                  OT1/lmr/m/it --> TU/SourceSerifPro(1)/m/it on input lin
e 120.
LaTeX Font Info:    Overwriting math alphabet `\mathbf' in version `normal'
(Font)                  OT1/lmr/bx/n --> TU/SourceSerifPro(1)/b/n on input line
 120.
LaTeX Font Info:    Font shape `TU/SourceSerifPro(0)/m/n' will be
(Font)              scaled to size 10.0pt on input line 120.

Package fontspec Info: Font family 'SourceSerifPro(2)' created for font
(fontspec)             'SourceSerifPro' with options [Ligatures = TeX,Numbers
(fontspec)             = {Proportional, },Scale = 1,Extension =
(fontspec)             .otf,UprightFont = *-Light,ItalicFont =
(fontspec)             *-LightIt,BoldFont = *-Semibold,BoldItalicFont =
(fontspec)             *-SemiboldIt].
(fontspec)              
(fontspec)              This font family consists of the following NFSS
(fontspec)             series/shapes:
(fontspec)              
(fontspec)             - 'normal' (m/n) with NFSS spec.:
(fontspec)             <->s*[1]"[SourceSerifPro-Light.otf]/OT:script=latn;langu
age=dflt;+pnum;mapping=tex-text;"
(fontspec)             - 'small caps'  (m/sc) with NFSS spec.:
(fontspec)             <->s*[1]"[SourceSerifPro-Light.otf]/OT:script=latn;langu
age=dflt;+pnum;+smcp;mapping=tex-text;"
(fontspec)             - 'bold' (b/n) with NFSS spec.:
(fontspec)             <->s*[1]"[SourceSerifPro-Semibold.otf]/OT:script=latn;la
nguage=dflt;+pnum;mapping=tex-text;"
(fontspec)             - 'bold small caps'  (b/sc) with NFSS spec.:
(fontspec)             <->s*[1]"[SourceSerifPro-Semibold.otf]/OT:script=latn;la
nguage=dflt;+pnum;+smcp;mapping=tex-text;"
(fontspec)             - 'italic' (m/it) with NFSS spec.:
(fontspec)             <->s*[1]"[SourceSerifPro-LightIt.otf]/OT:script=latn;lan
guage=dflt;+pnum;mapping=tex-text;"
(fontspec)             - 'italic small caps'  (m/scit) with NFSS spec.: 
(fontspec)             - 'bold italic' (b/it) with NFSS spec.:
(fontspec)             <->s*[1]"[SourceSerifPro-SemiboldIt.otf]/OT:script=latn;
language=dflt;+pnum;mapping=tex-text;"
(fontspec)             - 'bold italic small caps'  (b/scit) with NFSS spec.: 


Package fontspec Info: Font family 'SourceSerifPro(3)' created for font
(fontspec)             'SourceSerifPro' with options [Ligatures = TeX,Numbers
(fontspec)             = {Proportional, },Scale = 1,Extension =
(fontspec)             .otf,UprightFont = *-ExtraLight,ItalicFont =
(fontspec)             *-ExtraLightIt,BoldFont = *-Black,BoldItalicFont =
(fontspec)             *-BlackIt].
(fontspec)              
(fontspec)              This font family consists of the following NFSS
(fontspec)             series/shapes:
(fontspec)              
(fontspec)             - 'normal' (m/n) with NFSS spec.:
(fontspec)             <->s*[1]"[SourceSerifPro-ExtraLight.otf]/OT:script=latn;
language=dflt;+pnum;mapping=tex-text;"
(fontspec)             - 'small caps'  (m/sc) with NFSS spec.:
(fontspec)             <->s*[1]"[SourceSerifPro-ExtraLight.otf]/OT:script=latn;
language=dflt;+pnum;+smcp;mapping=tex-text;"
(fontspec)             - 'bold' (b/n) with NFSS spec.:
(fontspec)             <->s*[1]"[SourceSerifPro-Black.otf]/OT:script=latn;langu
age=dflt;+pnum;mapping=tex-text;"
(fontspec)             - 'bold small caps'  (b/sc) with NFSS spec.:
(fontspec)             <->s*[1]"[SourceSerifPro-Black.otf]/OT:script=latn;langu
age=dflt;+pnum;+smcp;mapping=tex-text;"
(fontspec)             - 'italic' (m/it) with NFSS spec.:
(fontspec)             <->s*[1]"[SourceSerifPro-ExtraLightIt.otf]/OT:script=lat
n;language=dflt;+pnum;mapping=tex-text;"
(fontspec)             - 'italic small caps'  (m/scit) with NFSS spec.: 
(fontspec)             - 'bold italic' (b/it) with NFSS spec.:
(fontspec)             <->s*[1]"[SourceSerifPro-BlackIt.otf]/OT:script=latn;lan
guage=dflt;+pnum;mapping=tex-text;"
(fontspec)             - 'bold italic small caps'  (b/scit) with NFSS spec.: 


Package fontspec Info: Font family 'SourceSerifPro(4)' created for font
(fontspec)             'SourceSerifPro' with options [Ligatures = TeX,Numbers
(fontspec)             = {Proportional, },Scale = 1,Extension = .otf,Numbers =
(fontspec)             Proportional,UprightFont = *-Regular,ItalicFont =
(fontspec)             *-RegularIt,BoldFont = *-Bold,BoldItalicFont =
(fontspec)             *-BoldIt].
(fontspec)              
(fontspec)              This font family consists of the following NFSS
(fontspec)             series/shapes:
(fontspec)              
(fontspec)             - 'normal' (m/n) with NFSS spec.:
(fontspec)             <->s*[1]"[SourceSerifPro-Regular.otf]/OT:script=latn;lan
guage=dflt;+pnum;mapping=tex-text;"
(fontspec)             - 'small caps'  (m/sc) with NFSS spec.:
(fontspec)             <->s*[1]"[SourceSerifPro-Regular.otf]/OT:script=latn;lan
guage=dflt;+pnum;+smcp;mapping=tex-text;"
(fontspec)             - 'bold' (b/n) with NFSS spec.:
(fontspec)             <->s*[1]"[SourceSerifPro-Bold.otf]/OT:script=latn;langua
ge=dflt;+pnum;mapping=tex-text;"
(fontspec)             - 'bold small caps'  (b/sc) with NFSS spec.:
(fontspec)             <->s*[1]"[SourceSerifPro-Bold.otf]/OT:script=latn;langua
ge=dflt;+pnum;+smcp;mapping=tex-text;"
(fontspec)             - 'italic' (m/it) with NFSS spec.:
(fontspec)             <->s*[1]"[SourceSerifPro-RegularIt.otf]/OT:script=latn;l
anguage=dflt;+pnum;mapping=tex-text;"
(fontspec)             - 'italic small caps'  (m/scit) with NFSS spec.: 
(fontspec)             - 'bold italic' (b/it) with NFSS spec.:
(fontspec)             <->s*[1]"[SourceSerifPro-BoldIt.otf]/OT:script=latn;lang
uage=dflt;+pnum;mapping=tex-text;"
(fontspec)             - 'bold italic small caps'  (b/scit) with NFSS spec.: 

)
(c:/Users/Lenovo/AppData/Roaming/TinyTeX/texmf-dist/tex/latex/sourcesanspro/sou
rcesanspro.sty
Package: sourcesanspro 2018/05/19 v2.7 Adobe's Source Sans Pro typeface

Package fontspec Info: Font family 'SourceSansPro(0)' created for font
(fontspec)             'SourceSansPro' with options [Ligatures = TeX,Numbers =
(fontspec)             {, },Scale = 1,Extension =
(fontspec)             .otf,Ligatures=TeX,UprightFont = *-Regular,ItalicFont =
(fontspec)             *-RegularIt,BoldFont = *-Bold,BoldItalicFont =
(fontspec)             *-BoldIt].
(fontspec)              
(fontspec)              This font family consists of the following NFSS
(fontspec)             series/shapes:
(fontspec)              
(fontspec)             - 'normal' (m/n) with NFSS spec.:
(fontspec)             <->s*[1]"[SourceSansPro-Regular.otf]/OT:script=latn;lang
uage=dflt;mapping=tex-text;"
(fontspec)             - 'small caps'  (m/sc) with NFSS spec.:
(fontspec)             <->s*[1]"[SourceSansPro-Regular.otf]/OT:script=latn;lang
uage=dflt;+smcp;mapping=tex-text;"
(fontspec)             - 'bold' (b/n) with NFSS spec.:
(fontspec)             <->s*[1]"[SourceSansPro-Bold.otf]/OT:script=latn;languag
e=dflt;mapping=tex-text;"
(fontspec)             - 'bold small caps'  (b/sc) with NFSS spec.:
(fontspec)             <->s*[1]"[SourceSansPro-Bold.otf]/OT:script=latn;languag
e=dflt;+smcp;mapping=tex-text;"
(fontspec)             - 'italic' (m/it) with NFSS spec.:
(fontspec)             <->s*[1]"[SourceSansPro-RegularIt.otf]/OT:script=latn;la
nguage=dflt;mapping=tex-text;"
(fontspec)             - 'italic small caps'  (m/scit) with NFSS spec.: 
(fontspec)             - 'bold italic' (b/it) with NFSS spec.:
(fontspec)             <->s*[1]"[SourceSansPro-BoldIt.otf]/OT:script=latn;langu
age=dflt;mapping=tex-text;"
(fontspec)             - 'bold italic small caps'  (b/scit) with NFSS spec.: 


Package fontspec Info: Font family 'SourceSansPro(1)' created for font
(fontspec)             'SourceSansPro' with options [Ligatures = TeX,Numbers =
(fontspec)             {, },Scale = 1,Extension = .otf,UprightFont =
(fontspec)             *-Regular,ItalicFont = *-RegularIt,BoldFont =
(fontspec)             *-Bold,BoldItalicFont = *-BoldIt].
(fontspec)              
(fontspec)              This font family consists of the following NFSS
(fontspec)             series/shapes:
(fontspec)              
(fontspec)             - 'normal' (m/n) with NFSS spec.:
(fontspec)             <->s*[1]"[SourceSansPro-Regular.otf]/OT:script=latn;lang
uage=dflt;mapping=tex-text;"
(fontspec)             - 'small caps'  (m/sc) with NFSS spec.:
(fontspec)             <->s*[1]"[SourceSansPro-Regular.otf]/OT:script=latn;lang
uage=dflt;+smcp;mapping=tex-text;"
(fontspec)             - 'bold' (b/n) with NFSS spec.:
(fontspec)             <->s*[1]"[SourceSansPro-Bold.otf]/OT:script=latn;languag
e=dflt;mapping=tex-text;"
(fontspec)             - 'bold small caps'  (b/sc) with NFSS spec.:
(fontspec)             <->s*[1]"[SourceSansPro-Bold.otf]/OT:script=latn;languag
e=dflt;+smcp;mapping=tex-text;"
(fontspec)             - 'italic' (m/it) with NFSS spec.:
(fontspec)             <->s*[1]"[SourceSansPro-RegularIt.otf]/OT:script=latn;la
nguage=dflt;mapping=tex-text;"
(fontspec)             - 'italic small caps'  (m/scit) with NFSS spec.: 
(fontspec)             - 'bold italic' (b/it) with NFSS spec.:
(fontspec)             <->s*[1]"[SourceSansPro-BoldIt.otf]/OT:script=latn;langu
age=dflt;mapping=tex-text;"
(fontspec)             - 'bold italic small caps'  (b/scit) with NFSS spec.: 

LaTeX Font Info:    Overwriting math alphabet `\mathsf' in version `normal'
(Font)                  OT1/lmss/m/n --> TU/SourceSansPro(1)/m/n on input line 
123.
LaTeX Font Info:    Overwriting math alphabet `\mathsf' in version `bold'
(Font)                  OT1/lmss/bx/n --> TU/SourceSansPro(1)/b/n on input line
 123.

Package fontspec Info: Font family 'SourceSansPro(2)' created for font
(fontspec)             'SourceSansPro' with options [Ligatures = TeX,Numbers =
(fontspec)             {, },Scale = 1,Extension = .otf,UprightFont =
(fontspec)             *-Light,ItalicFont = *-LightIt,BoldFont =
(fontspec)             *-Semibold,BoldItalicFont = *-SemiboldIt].
(fontspec)              
(fontspec)              This font family consists of the following NFSS
(fontspec)             series/shapes:
(fontspec)              
(fontspec)             - 'normal' (m/n) with NFSS spec.:
(fontspec)             <->s*[1]"[SourceSansPro-Light.otf]/OT:script=latn;langua
ge=dflt;mapping=tex-text;"
(fontspec)             - 'small caps'  (m/sc) with NFSS spec.:
(fontspec)             <->s*[1]"[SourceSansPro-Light.otf]/OT:script=latn;langua
ge=dflt;+smcp;mapping=tex-text;"
(fontspec)             - 'bold' (b/n) with NFSS spec.:
(fontspec)             <->s*[1]"[SourceSansPro-Semibold.otf]/OT:script=latn;lan
guage=dflt;mapping=tex-text;"
(fontspec)             - 'bold small caps'  (b/sc) with NFSS spec.:
(fontspec)             <->s*[1]"[SourceSansPro-Semibold.otf]/OT:script=latn;lan
guage=dflt;+smcp;mapping=tex-text;"
(fontspec)             - 'italic' (m/it) with NFSS spec.:
(fontspec)             <->s*[1]"[SourceSansPro-LightIt.otf]/OT:script=latn;lang
uage=dflt;mapping=tex-text;"
(fontspec)             - 'italic small caps'  (m/scit) with NFSS spec.: 
(fontspec)             - 'bold italic' (b/it) with NFSS spec.:
(fontspec)             <->s*[1]"[SourceSansPro-SemiboldIt.otf]/OT:script=latn;l
anguage=dflt;mapping=tex-text;"
(fontspec)             - 'bold italic small caps'  (b/scit) with NFSS spec.: 


Package fontspec Info: Font family 'SourceSansPro(3)' created for font
(fontspec)             'SourceSansPro' with options [Ligatures = TeX,Numbers =
(fontspec)             {, },Scale = 1,Extension = .otf,UprightFont =
(fontspec)             *-ExtraLight,ItalicFont = *-ExtraLightIt,BoldFont =
(fontspec)             *-Black,BoldItalicFont = *-BlackIt].
(fontspec)              
(fontspec)              This font family consists of the following NFSS
(fontspec)             series/shapes:
(fontspec)              
(fontspec)             - 'normal' (m/n) with NFSS spec.:
(fontspec)             <->s*[1]"[SourceSansPro-ExtraLight.otf]/OT:script=latn;l
anguage=dflt;mapping=tex-text;"
(fontspec)             - 'small caps'  (m/sc) with NFSS spec.:
(fontspec)             <->s*[1]"[SourceSansPro-ExtraLight.otf]/OT:script=latn;l
anguage=dflt;+smcp;mapping=tex-text;"
(fontspec)             - 'bold' (b/n) with NFSS spec.:
(fontspec)             <->s*[1]"[SourceSansPro-Black.otf]/OT:script=latn;langua
ge=dflt;mapping=tex-text;"
(fontspec)             - 'bold small caps'  (b/sc) with NFSS spec.:
(fontspec)             <->s*[1]"[SourceSansPro-Black.otf]/OT:script=latn;langua
ge=dflt;+smcp;mapping=tex-text;"
(fontspec)             - 'italic' (m/it) with NFSS spec.:
(fontspec)             <->s*[1]"[SourceSansPro-ExtraLightIt.otf]/OT:script=latn
;language=dflt;mapping=tex-text;"
(fontspec)             - 'italic small caps'  (m/scit) with NFSS spec.: 
(fontspec)             - 'bold italic' (b/it) with NFSS spec.:
(fontspec)             <->s*[1]"[SourceSansPro-BlackIt.otf]/OT:script=latn;lang
uage=dflt;mapping=tex-text;"
(fontspec)             - 'bold italic small caps'  (b/scit) with NFSS spec.: 


Package fontspec Info: Font family 'SourceSansPro(4)' created for font
(fontspec)             'SourceSansPro' with options [Ligatures = TeX,Numbers =
(fontspec)             {, },Scale = 1,Extension = .otf,Numbers =,UprightFont =
(fontspec)             *-Regular,ItalicFont = *-RegularIt,BoldFont =
(fontspec)             *-Bold,BoldItalicFont = *-BoldIt].
(fontspec)              
(fontspec)              This font family consists of the following NFSS
(fontspec)             series/shapes:
(fontspec)              
(fontspec)             - 'normal' (m/n) with NFSS spec.:
(fontspec)             <->s*[1]"[SourceSansPro-Regular.otf]/OT:script=latn;lang
uage=dflt;mapping=tex-text;"
(fontspec)             - 'small caps'  (m/sc) with NFSS spec.:
(fontspec)             <->s*[1]"[SourceSansPro-Regular.otf]/OT:script=latn;lang
uage=dflt;+smcp;mapping=tex-text;"
(fontspec)             - 'bold' (b/n) with NFSS spec.:
(fontspec)             <->s*[1]"[SourceSansPro-Bold.otf]/OT:script=latn;languag
e=dflt;mapping=tex-text;"
(fontspec)             - 'bold small caps'  (b/sc) with NFSS spec.:
(fontspec)             <->s*[1]"[SourceSansPro-Bold.otf]/OT:script=latn;languag
e=dflt;+smcp;mapping=tex-text;"
(fontspec)             - 'italic' (m/it) with NFSS spec.:
(fontspec)             <->s*[1]"[SourceSansPro-RegularIt.otf]/OT:script=latn;la
nguage=dflt;mapping=tex-text;"
(fontspec)             - 'italic small caps'  (m/scit) with NFSS spec.: 
(fontspec)             - 'bold italic' (b/it) with NFSS spec.:
(fontspec)             <->s*[1]"[SourceSansPro-BoldIt.otf]/OT:script=latn;langu
age=dflt;mapping=tex-text;"
(fontspec)             - 'bold italic small caps'  (b/scit) with NFSS spec.: 

)
(c:/Users/Lenovo/AppData/Roaming/TinyTeX/texmf-dist/tex/latex/draftwatermark/dr
aftwatermark.sty
Package: draftwatermark 2020/06/29 2.2 Put a gray textual watermark on document
 pages

(c:/Users/Lenovo/AppData/Roaming/TinyTeX/texmf-dist/tex/latex/everypage/everypa
ge.sty
Package: everypage 2020/10/17 R2.0b Hooks to run on every page

Package everypage Warning: Functionality similar to this package has recently
(everypage)                been implemented in LaTeX. This package is now in
(everypage)                legacy status.
(everypage)                Please, don't use it in new documents and packages.


Package everypage Warning: You appear to be running a version of LaTeX
(everypage)                providing the new functionality.
(everypage)                Doing the best to deliver the original `everypage`
(everypage)                interface on top of it. Strict equivalence is
(everypage)                not possible, breakage may occur.
(everypage)                If truly needed, Use `everypage-1x` to force the
(everypage)                loading of an older code base.

))
(c:/Users/Lenovo/AppData/Roaming/TinyTeX/texmf-dist/tex/latex/awesomebox/awesom
ebox.sty
Package: awesomebox 2019/07/27 v0.6

(c:/Users/Lenovo/AppData/Roaming/TinyTeX/texmf-dist/tex/latex/fontawesome5/font
awesome5.sty
Package: fontawesome5 2020/03/24 v5.13.0 Font Awesome 5

(c:/Users/Lenovo/AppData/Roaming/TinyTeX/texmf-dist/tex/latex/fontawesome5/font
awesome5-utex-helper.sty
Package: fontawesome5-utex-helper 2020/03/24 v5.13.0 uTeX helper for fontawesom
e5
LaTeX Font Info:    Trying to load font information for TU+fontawesomefree on i
nput line 69.

(c:/Users/Lenovo/AppData/Roaming/TinyTeX/texmf-dist/tex/latex/fontawesome5/tufo
ntawesomefree.fd)
LaTeX Font Info:    Trying to load font information for TU+fontawesomebrands on
 input line 70.

(c:/Users/Lenovo/AppData/Roaming/TinyTeX/texmf-dist/tex/latex/fontawesome5/tufo
ntawesomebrands.fd)))
\aweboxleftmargin=\skip67
\aweboxcontentwidth=\skip68
\aweboxvskip=\skip69
\aweboxsignraise=\skip70
\aweboxrulewidth=\skip71
(c:/Users/Lenovo/AppData/Roaming/TinyTeX/texmf-dist/tex/latex/tools/array.sty
Package: array 2020/10/01 v2.5c Tabular extension package (FMi)
\col@sep=\dimen272
\ar@mcellbox=\box59
\extrarowheight=\dimen273
\NC@list=\toks26
\extratabsurround=\skip72
\backup@length=\skip73
\ar@cellbox=\box60
) (c:/Users/Lenovo/AppData/Roaming/TinyTeX/texmf-dist/tex/latex/base/ifthen.sty
Package: ifthen 2014/09/29 v1.1c Standard LaTeX ifthen package (DPC)
)
\aweboxlinewidthvar=\skip74
\aweboxlinewidthref=\skip75
)
(c:/Users/Lenovo/AppData/Roaming/TinyTeX/texmf-dist/tex/latex/natbib/natbib.sty
Package: natbib 2010/09/13 8.31b (PWD, AO)
\bibhang=\skip76
\bibsep=\skip77
LaTeX Info: Redefining \cite on input line 694.
\c@NAT@ctr=\count319
) (./ctex2.aux)
\openout1 = `ctex2.aux'.

LaTeX Font Info:    Checking defaults for OML/cmm/m/it on input line 130.
LaTeX Font Info:    ... okay on input line 130.
LaTeX Font Info:    Checking defaults for OMS/cmsy/m/n on input line 130.
LaTeX Font Info:    ... okay on input line 130.
LaTeX Font Info:    Checking defaults for OT1/cmr/m/n on input line 130.
LaTeX Font Info:    ... okay on input line 130.
LaTeX Font Info:    Checking defaults for T1/cmr/m/n on input line 130.
LaTeX Font Info:    ... okay on input line 130.
LaTeX Font Info:    Checking defaults for TS1/cmr/m/n on input line 130.
LaTeX Font Info:    ... okay on input line 130.
LaTeX Font Info:    Checking defaults for TU/lmr/m/n on input line 130.
LaTeX Font Info:    ... okay on input line 130.
LaTeX Font Info:    Checking defaults for OMX/cmex/m/n on input line 130.
LaTeX Font Info:    ... okay on input line 130.
LaTeX Font Info:    Checking defaults for U/cmr/m/n on input line 130.
LaTeX Font Info:    ... okay on input line 130.
LaTeX Font Info:    Checking defaults for PD1/pdf/m/n on input line 130.
LaTeX Font Info:    ... okay on input line 130.
LaTeX Font Info:    Checking defaults for PU/pdf/m/n on input line 130.
LaTeX Font Info:    ... okay on input line 130.
ABD: EverySelectfont initializing macros
LaTeX Info: Redefining \selectfont on input line 130.

Package fontspec Info: Font family 'latinmodern-math.otf(0)' created for font
(fontspec)             'latinmodern-math.otf' with options
(fontspec)             [BoldItalicFont={},ItalicFont={},SmallCapsFont={},Script
=Math,BoldFont={latinmodern-math.otf}].
(fontspec)              
(fontspec)              This font family consists of the following NFSS
(fontspec)             series/shapes:
(fontspec)              
(fontspec)             - 'normal' (m/n) with NFSS spec.:
(fontspec)             <->"[latinmodern-math.otf]/OT:script=math;language=dflt;
"
(fontspec)             - 'small caps'  (m/sc) with NFSS spec.: 
(fontspec)             - 'bold' (b/n) with NFSS spec.:
(fontspec)             <->"[latinmodern-math.otf]/OT:script=math;language=dflt;
"
(fontspec)             - 'bold small caps'  (b/sc) with NFSS spec.: 


Package fontspec Info: Font family 'latinmodern-math.otf(1)' created for font
(fontspec)             'latinmodern-math.otf' with options
(fontspec)             [BoldItalicFont={},ItalicFont={},SmallCapsFont={},Script
=Math,SizeFeatures={{Size=8.5-},{Size=6-8.5,Font=latinmodern-math.otf,Style=Mat
hScript},{Size=-6,Font=latinmodern-math.otf,Style=MathScriptScript}},BoldFont={
latinmodern-math.otf}].
(fontspec)              
(fontspec)              This font family consists of the following NFSS
(fontspec)             series/shapes:
(fontspec)              
(fontspec)             - 'normal' (m/n) with NFSS spec.:
(fontspec)             <8.5->"[latinmodern-math.otf]/OT:script=math;language=df
lt;"<6-8.5>"[latinmodern-math.otf]/OT:script=math;language=dflt;+ssty=0;"<-6>"[
latinmodern-math.otf]/OT:script=math;language=dflt;+ssty=1;"
(fontspec)             - 'small caps'  (m/sc) with NFSS spec.: 
(fontspec)             - 'bold' (b/n) with NFSS spec.:
(fontspec)             <->"[latinmodern-math.otf]/OT:script=math;language=dflt;
"
(fontspec)             - 'bold small caps'  (b/sc) with NFSS spec.: 

LaTeX Font Info:    Encoding `OT1' has changed to `TU' for symbol font
(Font)              `operators' in the math version `normal' on input line 130.

LaTeX Font Info:    Overwriting symbol font `operators' in version `normal'
(Font)                  OT1/lmr/m/n --> TU/latinmodern-math.otf(1)/m/n on input
 line 130.
LaTeX Font Info:    Encoding `OT1' has changed to `TU' for symbol font
(Font)              `operators' in the math version `bold' on input line 130.
LaTeX Font Info:    Overwriting symbol font `operators' in version `bold'
(Font)                  OT1/lmr/bx/n --> TU/latinmodern-math.otf(1)/b/n on inpu
t line 130.

Package fontspec Info: latinmodern-math scale = 1.0001.


Package fontspec Info: latinmodern-math scale = 1.0001.


Package fontspec Info: latinmodern-math scale = 1.0001.


Package fontspec Info: latinmodern-math scale = 1.0001.


Package fontspec Info: latinmodern-math scale = 1.0001.


Package fontspec Info: Font family 'latinmodern-math.otf(2)' created for font
(fontspec)             'latinmodern-math.otf' with options
(fontspec)             [BoldItalicFont={},ItalicFont={},SmallCapsFont={},Script
=Math,SizeFeatures={{Size=8.5-},{Size=6-8.5,Font=latinmodern-math.otf,Style=Mat
hScript},{Size=-6,Font=latinmodern-math.otf,Style=MathScriptScript}},BoldFont={
latinmodern-math.otf},ScaleAgain=1.0001,FontAdjustment={\fontdimen
(fontspec)             8\font =6.77pt\relax \fontdimen 9\font =3.94pt\relax
(fontspec)             \fontdimen 10\font =4.44pt\relax \fontdimen 11\font
(fontspec)             =6.86pt\relax \fontdimen 12\font =3.45pt\relax
(fontspec)             \fontdimen 13\font =3.63pt\relax \fontdimen 14\font
(fontspec)             =3.63pt\relax \fontdimen 15\font =2.89pt\relax
(fontspec)             \fontdimen 16\font =2.47pt\relax \fontdimen 17\font
(fontspec)             =2.47pt\relax \fontdimen 18\font =2.5pt\relax
(fontspec)             \fontdimen 19\font =2.0pt\relax \fontdimen 22\font
(fontspec)             =2.5pt\relax \fontdimen 20\font =0pt\relax \fontdimen
(fontspec)             21\font =0pt\relax }].
(fontspec)              
(fontspec)              This font family consists of the following NFSS
(fontspec)             series/shapes:
(fontspec)              
(fontspec)             - 'normal' (m/n) with NFSS spec.:
(fontspec)             <8.5->s*[1.0001]"[latinmodern-math.otf]/OT:script=math;l
anguage=dflt;"<6-8.5>s*[1.0001]"[latinmodern-math.otf]/OT:script=math;language=
dflt;+ssty=0;"<-6>s*[1.0001]"[latinmodern-math.otf]/OT:script=math;language=dfl
t;+ssty=1;"
(fontspec)             - 'small caps'  (m/sc) with NFSS spec.: 
(fontspec)             and font adjustment code:
(fontspec)             \fontdimen 8\font =6.77pt\relax \fontdimen 9\font
(fontspec)             =3.94pt\relax \fontdimen 10\font =4.44pt\relax
(fontspec)             \fontdimen 11\font =6.86pt\relax \fontdimen 12\font
(fontspec)             =3.45pt\relax \fontdimen 13\font =3.63pt\relax
(fontspec)             \fontdimen 14\font =3.63pt\relax \fontdimen 15\font
(fontspec)             =2.89pt\relax \fontdimen 16\font =2.47pt\relax
(fontspec)             \fontdimen 17\font =2.47pt\relax \fontdimen 18\font
(fontspec)             =2.5pt\relax \fontdimen 19\font =2.0pt\relax \fontdimen
(fontspec)             22\font =2.5pt\relax \fontdimen 20\font =0pt\relax
(fontspec)             \fontdimen 21\font =0pt\relax 
(fontspec)             - 'bold' (b/n) with NFSS spec.:
(fontspec)             <->s*[1.0001]"[latinmodern-math.otf]/OT:script=math;lang
uage=dflt;"
(fontspec)             - 'bold small caps'  (b/sc) with NFSS spec.: 
(fontspec)             and font adjustment code:
(fontspec)             \fontdimen 8\font =6.77pt\relax \fontdimen 9\font
(fontspec)             =3.94pt\relax \fontdimen 10\font =4.44pt\relax
(fontspec)             \fontdimen 11\font =6.86pt\relax \fontdimen 12\font
(fontspec)             =3.45pt\relax \fontdimen 13\font =3.63pt\relax
(fontspec)             \fontdimen 14\font =3.63pt\relax \fontdimen 15\font
(fontspec)             =2.89pt\relax \fontdimen 16\font =2.47pt\relax
(fontspec)             \fontdimen 17\font =2.47pt\relax \fontdimen 18\font
(fontspec)             =2.5pt\relax \fontdimen 19\font =2.0pt\relax \fontdimen
(fontspec)             22\font =2.5pt\relax \fontdimen 20\font =0pt\relax
(fontspec)             \fontdimen 21\font =0pt\relax 

LaTeX Font Info:    Encoding `OMS' has changed to `TU' for symbol font
(Font)              `symbols' in the math version `normal' on input line 130.
LaTeX Font Info:    Overwriting symbol font `symbols' in version `normal'
(Font)                  OMS/lmsy/m/n --> TU/latinmodern-math.otf(2)/m/n on inpu
t line 130.
LaTeX Font Info:    Encoding `OMS' has changed to `TU' for symbol font
(Font)              `symbols' in the math version `bold' on input line 130.
LaTeX Font Info:    Overwriting symbol font `symbols' in version `bold'
(Font)                  OMS/lmsy/b/n --> TU/latinmodern-math.otf(2)/b/n on inpu
t line 130.

Package fontspec Info: latinmodern-math scale = 0.9999.


Package fontspec Info: latinmodern-math scale = 0.9999.


Package fontspec Info: latinmodern-math scale = 0.9999.


Package fontspec Info: latinmodern-math scale = 0.9999.


Package fontspec Info: latinmodern-math scale = 0.9999.


Package fontspec Info: Font family 'latinmodern-math.otf(3)' created for font
(fontspec)             'latinmodern-math.otf' with options
(fontspec)             [BoldItalicFont={},ItalicFont={},SmallCapsFont={},Script
=Math,SizeFeatures={{Size=8.5-},{Size=6-8.5,Font=latinmodern-math.otf,Style=Mat
hScript},{Size=-6,Font=latinmodern-math.otf,Style=MathScriptScript}},BoldFont={
latinmodern-math.otf},ScaleAgain=0.9999,FontAdjustment={\fontdimen
(fontspec)             8\font =0.4pt\relax \fontdimen 9\font =2.0pt\relax
(fontspec)             \fontdimen 10\font =1.67pt\relax \fontdimen 11\font
(fontspec)             =1.11pt\relax \fontdimen 12\font =6.0pt\relax
(fontspec)             \fontdimen 13\font =0pt\relax }].
(fontspec)              
(fontspec)              This font family consists of the following NFSS
(fontspec)             series/shapes:
(fontspec)              
(fontspec)             - 'normal' (m/n) with NFSS spec.:
(fontspec)             <8.5->s*[0.9999]"[latinmodern-math.otf]/OT:script=math;l
anguage=dflt;"<6-8.5>s*[0.9999]"[latinmodern-math.otf]/OT:script=math;language=
dflt;+ssty=0;"<-6>s*[0.9999]"[latinmodern-math.otf]/OT:script=math;language=dfl
t;+ssty=1;"
(fontspec)             - 'small caps'  (m/sc) with NFSS spec.: 
(fontspec)             and font adjustment code:
(fontspec)             \fontdimen 8\font =0.4pt\relax \fontdimen 9\font
(fontspec)             =2.0pt\relax \fontdimen 10\font =1.67pt\relax
(fontspec)             \fontdimen 11\font =1.11pt\relax \fontdimen 12\font
(fontspec)             =6.0pt\relax \fontdimen 13\font =0pt\relax 
(fontspec)             - 'bold' (b/n) with NFSS spec.:
(fontspec)             <->s*[0.9999]"[latinmodern-math.otf]/OT:script=math;lang
uage=dflt;"
(fontspec)             - 'bold small caps'  (b/sc) with NFSS spec.: 
(fontspec)             and font adjustment code:
(fontspec)             \fontdimen 8\font =0.4pt\relax \fontdimen 9\font
(fontspec)             =2.0pt\relax \fontdimen 10\font =1.67pt\relax
(fontspec)             \fontdimen 11\font =1.11pt\relax \fontdimen 12\font
(fontspec)             =6.0pt\relax \fontdimen 13\font =0pt\relax 

LaTeX Font Info:    Encoding `OMX' has changed to `TU' for symbol font
(Font)              `largesymbols' in the math version `normal' on input line 1
30.
LaTeX Font Info:    Overwriting symbol font `largesymbols' in version `normal'
(Font)                  OMX/lmex/m/n --> TU/latinmodern-math.otf(3)/m/n on inpu
t line 130.
LaTeX Font Info:    Encoding `OMX' has changed to `TU' for symbol font
(Font)              `largesymbols' in the math version `bold' on input line 130
.
LaTeX Font Info:    Overwriting symbol font `largesymbols' in version `bold'
(Font)                  OMX/lmex/m/n --> TU/latinmodern-math.otf(3)/b/n on inpu
t line 130.
Package hyperref Info: Link coloring ON on input line 130.

(c:/Users/Lenovo/AppData/Roaming/TinyTeX/texmf-dist/tex/latex/hyperref/nameref.
sty
Package: nameref 2019/09/16 v2.46 Cross-referencing by name of section

(c:/Users/Lenovo/AppData/Roaming/TinyTeX/texmf-dist/tex/latex/refcount/refcount
.sty
Package: refcount 2019/12/15 v3.6 Data extraction from label references (HO)
)
(c:/Users/Lenovo/AppData/Roaming/TinyTeX/texmf-dist/tex/generic/gettitlestring/
gettitlestring.sty
Package: gettitlestring 2019/12/15 v1.6 Cleanup title references (HO)
)
\c@section@level=\count320
)
LaTeX Info: Redefining \ref on input line 130.
LaTeX Info: Redefining \pageref on input line 130.
LaTeX Info: Redefining \nameref on input line 130.
(./ctex2.out) (./ctex2.out)
\@outlinefile=\write4
\openout4 = `ctex2.out'.

*geometry* driver: auto-detecting
*geometry* detected driver: xetex
*geometry* verbose mode - [ preamble ] result:
* driver: xetex
* paper: a4paper
* layout: <same size as paper>
* layoutoffset:(h,v)=(0.0pt,0.0pt)
* modes: 
* h-part:(L,W,R)=(85.27806pt, 426.95175pt, 85.27806pt)
* v-part:(T,H,B)=(85.27806pt, 674.49072pt, 85.27806pt)
* \paperwidth=597.50787pt
* \paperheight=845.04684pt
* \textwidth=426.95175pt
* \textheight=674.49072pt
* \oddsidemargin=13.00807pt
* \evensidemargin=13.00807pt
* \topmargin=-23.99193pt
* \headheight=12.0pt
* \headsep=25.0pt
* \topskip=10.0pt
* \footskip=30.0pt
* \marginparwidth=57.0pt
* \marginparsep=11.0pt
* \columnsep=10.0pt
* \skip\footins=9.0pt plus 4.0pt minus 2.0pt
* \hoffset=0.0pt
* \voffset=0.0pt
* \mag=1000
* \@twocolumnfalse
* \@twosidefalse
* \@mparswitchfalse
* \@reversemarginfalse
* (1in=72.27pt=25.4mm, 1cm=28.453pt)

LaTeX Font Info:    Font shape `TU/SourceSerifPro(0)/m/n' will be
(Font)              scaled to size 17.28pt on input line 132.
LaTeX Font Info:    Font shape `TU/SourceSerifPro(0)/m/n' will be
(Font)              scaled to size 12.0pt on input line 132.
LaTeX Font Info:    Trying to load font information for OML+lmm on input line 1
32.
(c:/Users/Lenovo/AppData/Roaming/TinyTeX/texmf-dist/tex/latex/lm/omllmm.fd
File: omllmm.fd 2009/10/30 v1.6 Font defs for Latin Modern
)
LaTeX Font Info:    Font shape `TU/latinmodern-math.otf(2)/m/n' will be
(Font)              scaled to size 12.00128pt on input line 132.
LaTeX Font Info:    Font shape `TU/latinmodern-math.otf(2)/m/n' will be
(Font)              scaled to size 8.00085pt on input line 132.
LaTeX Font Info:    Font shape `TU/latinmodern-math.otf(2)/m/n' will be
(Font)              scaled to size 6.00064pt on input line 132.
LaTeX Font Info:    Font shape `TU/latinmodern-math.otf(3)/m/n' will be
(Font)              scaled to size 11.99872pt on input line 132.
LaTeX Font Info:    Font shape `TU/latinmodern-math.otf(3)/m/n' will be
(Font)              scaled to size 7.99915pt on input line 132.
LaTeX Font Info:    Font shape `TU/latinmodern-math.otf(3)/m/n' will be
(Font)              scaled to size 5.99936pt on input line 132.
LaTeX Font Info:    Trying to load font information for U+msa on input line 132
.
(c:/Users/Lenovo/AppData/Roaming/TinyTeX/texmf-dist/tex/latex/amsfonts/umsa.fd
File: umsa.fd 2013/01/14 v3.01 AMS symbols A
)
LaTeX Font Info:    Trying to load font information for U+msb on input line 132
.
(c:/Users/Lenovo/AppData/Roaming/TinyTeX/texmf-dist/tex/latex/amsfonts/umsb.fd
File: umsb.fd 2013/01/14 v3.01 AMS symbols B
)
LaTeX Font Info:    Font shape `TU/SourceSerifPro(0)/m/n' will be
(Font)              scaled to size 14.4pt on input line 136.
LaTeX Font Info:    Font shape `TU/SourceSerifPro(0)/b/n' will be
(Font)              scaled to size 14.4pt on input line 136.
(./ctex2.toc
LaTeX Font Info:    Font shape `TU/SourceSerifPro(0)/b/n' will be
(Font)              scaled to size 10.0pt on input line 1.
LaTeX Font Info:    Font shape `TU/latinmodern-math.otf(2)/m/n' will be
(Font)              scaled to size 10.00107pt on input line 2.
LaTeX Font Info:    Font shape `TU/latinmodern-math.otf(2)/m/n' will be
(Font)              scaled to size 7.00075pt on input line 2.
LaTeX Font Info:    Font shape `TU/latinmodern-math.otf(2)/m/n' will be
(Font)              scaled to size 5.00053pt on input line 2.
LaTeX Font Info:    Font shape `TU/latinmodern-math.otf(3)/m/n' will be
(Font)              scaled to size 9.99893pt on input line 2.
LaTeX Font Info:    Font shape `TU/latinmodern-math.otf(3)/m/n' will be
(Font)              scaled to size 6.99925pt on input line 2.
LaTeX Font Info:    Font shape `TU/latinmodern-math.otf(3)/m/n' will be
(Font)              scaled to size 4.99947pt on input line 2.
)
\tf@toc=\write5
\openout5 = `ctex2.toc'.

LaTeX Font Info:    Font shape `TU/SourceSerifPro(0)/m/n' will be
(Font)              scaled to size 24.88pt on input line 150.

Package fontspec Info: Could not resolve font "FangSong/BI" (it probably
(fontspec)             doesn't exist).


Package fontspec Info: Could not resolve font "FangSong/B" (it probably
(fontspec)             doesn't exist).


Package fontspec Info: Could not resolve font "FangSong/I" (it probably
(fontspec)             doesn't exist).

LaTeX Font Info:    Font shape `TU/SourceCodePro(0)/m/n' will be
(Font)              scaled to size 8.50006pt on input line 159.

Package fontspec Info: Font family 'FangSong(0)' created for font 'FangSong'
(fontspec)             with options [Script={CJK}].
(fontspec)              
(fontspec)              This font family consists of the following NFSS
(fontspec)             series/shapes:
(fontspec)              
(fontspec)             - 'normal' (m/n) with NFSS spec.:
(fontspec)             <->"FangSong/OT:script=hani;language=dflt;"
(fontspec)             - 'small caps'  (m/sc) with NFSS spec.: 

LaTeX Font Info:    Font shape `TU/SourceCodePro(0)/b/n' will be
(Font)              scaled to size 8.50006pt on input line 160.
LaTeX Font Info:    Font shape `TU/SourceSerifPro(0)/b/n' will be
(Font)              scaled to size 12.0pt on input line 175.
LaTeX Font Info:    Font shape `TU/SourceSerifPro(0)/m/n' will be
(Font)              scaled to size 7.0pt on input line 177.
LaTeX Font Info:    Font shape `TU/SourceSerifPro(0)/m/n' will be
(Font)              scaled to size 8.0pt on input line 177.
LaTeX Font Info:    Font shape `TU/SourceSerifPro(0)/m/n' will be
(Font)              scaled to size 6.0pt on input line 177.
File: ctex2_files/figure-latex/sleep-1.pdf Graphic file (type pdf)
<use ctex2_files/figure-latex/sleep-1.pdf>
LaTeX Font Info:    Font shape `TU/SourceSerifPro(0)/m/n' will be
(Font)              scaled to size 149.37697pt on input line 183.
[1

] (./ctex2.bbl
LaTeX Font Info:    Font shape `TU/SourceSerifPro(0)/m/it' will be
(Font)              scaled to size 10.0pt on input line 10.
)
LaTeX Font Info:    Font shape `TU/SourceSerifPro(0)/m/sl' in size <10> not ava
ilable
(Font)              Font shape `TU/SourceSerifPro(0)/m/it' tried instead on inp
ut line 190.
LaTeX Font Info:    Font shape `TU/SourceSerifPro(0)/m/it' will be
(Font)              scaled to size 10.0pt on input line 190.
LaTeX Font Info:    Font shape `TU/SimSun(0)/m/sl' in size <10> not available
(Font)              Font shape `TU/SimSun(0)/m/it' tried instead on input line 
190.
[2] (./ctex2.aux)
Package rerunfilecheck Info: File `ctex2.out' has not changed.
(rerunfilecheck)             Checksum: 352A231DD556E9FCAC7D7511D9D1B135;132.
 ) 
Here is how much of TeX's memory you used:
 23660 strings out of 479441
 453015 string characters out of 5879322
 902427 words of memory out of 5000000
 42498 multiletter control sequences out of 15000+600000
 542235 words of font info for 169 fonts, out of 8000000 for 9000
 14 hyphenation exceptions out of 8191
 87i,12n,112p,365b,498s stack positions out of 5000i,500n,10000p,200000b,80000s

Output written on ctex2.pdf (2 pages).
