This is pdfTeX, Version 3.14159265-2.6-1.40.21 (TeX Live 2020/W32TeX) (preloaded format=pdflatex 2020.9.25)  25 SEP 2020 14:26
entering extended mode
 restricted \write18 enabled.
 %&-line parsing enabled.
**tint.tex
(./tint.tex
LaTeX2e <2020-02-02> patch level 5
L3 programming layer <2020-09-06>
(c:/Users/Lenovo/AppData/Roaming/TinyTeX/texmf-dist/tex/latex/tufte-latex/tufte
-handout.cls
Document Class: tufte-handout 2015/06/21 v3.5.2 Tufte-handout class

(c:/Users/Lenovo/AppData/Roaming/TinyTeX/texmf-dist/tex/latex/tufte-latex/tufte
-common.def
File: tufte-common.def 2015/06/21 v3.5.2 Common code for the Tufte-LaTeX styles


(c:/Users/Lenovo/AppData/Roaming/TinyTeX/texmf-dist/tex/latex/xkeyval/xkeyval.s
ty
Package: xkeyval 2014/12/03 v2.7a package option processing (HA)

(c:/Users/Lenovo/AppData/Roaming/TinyTeX/texmf-dist/tex/generic/xkeyval/xkeyval
.tex
(c:/Users/Lenovo/AppData/Roaming/TinyTeX/texmf-dist/tex/generic/xkeyval/xkvutil
s.tex
\XKV@toks=\toks15
\XKV@tempa@toks=\toks16

(c:/Users/Lenovo/AppData/Roaming/TinyTeX/texmf-dist/tex/generic/xkeyval/keyval.
tex))
\XKV@depth=\count168
File: xkeyval.tex 2014/12/03 v2.7a key=value parser (HA)
))
(c:/Users/Lenovo/AppData/Roaming/TinyTeX/texmf-dist/tex/latex/xifthen/xifthen.s
ty
Package: xifthen 2015/11/05 v1.4.0 Extended ifthen features
(c:/Users/Lenovo/AppData/Roaming/TinyTeX/texmf-dist/tex/latex/tools/calc.sty
Package: calc 2017/05/25 v4.3 Infix arithmetic (KKT,FJ)
\calc@Acount=\count169
\calc@Bcount=\count170
\calc@Adimen=\dimen134
\calc@Bdimen=\dimen135
\calc@Askip=\skip47
\calc@Bskip=\skip48
LaTeX Info: Redefining \setlength on input line 80.
LaTeX Info: Redefining \addtolength on input line 81.
\calc@Ccount=\count171
\calc@Cskip=\skip49
) (c:/Users/Lenovo/AppData/Roaming/TinyTeX/texmf-dist/tex/latex/base/ifthen.sty
Package: ifthen 2014/09/29 v1.1c Standard LaTeX ifthen package (DPC)
)
(c:/Users/Lenovo/AppData/Roaming/TinyTeX/texmf-dist/tex/latex/ifmtarg/ifmtarg.s
ty
Package: ifmtarg 2018/04/16 v1.2b check for an empty argument
))
(c:/Users/Lenovo/AppData/Roaming/TinyTeX/texmf-dist/tex/latex/hardwrap/hardwrap
.sty
Package: hardwrap 2011/02/12 v0.2 Hard wrap messages

(c:/Users/Lenovo/AppData/Roaming/TinyTeX/texmf-dist/tex/generic/pdftexcmds/pdft
excmds.sty
Package: pdftexcmds 2020-06-27 v0.33 Utility functions of pdfTeX for LuaTeX (HO
)

(c:/Users/Lenovo/AppData/Roaming/TinyTeX/texmf-dist/tex/generic/infwarerr/infwa
rerr.sty
Package: infwarerr 2019/12/03 v1.5 Providing info/warning/error messages (HO)
)
(c:/Users/Lenovo/AppData/Roaming/TinyTeX/texmf-dist/tex/generic/iftex/iftex.sty
Package: iftex 2020/03/06 v1.0d TeX engine tests
)
(c:/Users/Lenovo/AppData/Roaming/TinyTeX/texmf-dist/tex/generic/ltxcmds/ltxcmds
.sty
Package: ltxcmds 2019/12/15 v1.24 LaTeX kernel commands for general use (HO)
)
Package pdftexcmds Info: \pdf@primitive is available.
Package pdftexcmds Info: \pdf@ifprimitive is available.
Package pdftexcmds Info: \pdfdraftmode found.
)
(c:/Users/Lenovo/AppData/Roaming/TinyTeX/texmf-dist/tex/generic/iftex/ifxetex.s
ty
Package: ifxetex 2019/10/25 v0.7 ifxetex legacy package. Use iftex instead.
)
\hw@charcount=\count172
\hw@wordcount=\count173
\hw@maxprintline=\count174
)
Class tufte-handout Info: Loading the base class `article'
(c:/Users/Lenovo/AppData/Roaming/TinyTeX/texmf-dist/tex/latex/base/article.cls
Document Class: article 2019/12/20 v1.4l Standard LaTeX document class
(c:/Users/Lenovo/AppData/Roaming/TinyTeX/texmf-dist/tex/latex/base/size10.clo
File: size10.clo 2019/12/20 v1.4l Standard LaTeX file (size option)
)
\c@part=\count175
\c@section=\count176
\c@subsection=\count177
\c@subsubsection=\count178
\c@paragraph=\count179
\c@subparagraph=\count180
\c@figure=\count181
\c@table=\count182
\abovecaptionskip=\skip50
\belowcaptionskip=\skip51
\bibindent=\dimen136
)
(c:/Users/Lenovo/AppData/Roaming/TinyTeX/texmf-dist/tex/generic/iftex/ifpdf.sty
Package: ifpdf 2019/10/25 v3.4 ifpdf legacy package. Use iftex instead.
)
(c:/Users/Lenovo/AppData/Roaming/TinyTeX/texmf-dist/tex/generic/iftex/ifluatex.
sty
Package: ifluatex 2019/10/25 v1.5 ifluatex legacy package. Use iftex instead.
)
(c:/Users/Lenovo/AppData/Roaming/TinyTeX/texmf-dist/tex/latex/titlesec/titlesec
.sty
Package: titlesec 2019/10/16 v2.13 Sectioning titles
\ttl@box=\box45
\beforetitleunit=\skip52
\aftertitleunit=\skip53
\ttl@plus=\dimen137
\ttl@minus=\dimen138
\ttl@toksa=\toks17
\titlewidth=\dimen139
\titlewidthlast=\dimen140
\titlewidthfirst=\dimen141
)
(c:/Users/Lenovo/AppData/Roaming/TinyTeX/texmf-dist/tex/latex/titlesec/titletoc
.sty
Package: titletoc 2019/10/16 v2.13 TOC entries
\ttl@leftsep=\dimen142
)
(c:/Users/Lenovo/AppData/Roaming/TinyTeX/texmf-dist/tex/latex/hyperref/hyperref
.sty
Package: hyperref 2020-05-15 v7.00e Hypertext links for LaTeX

(c:/Users/Lenovo/AppData/Roaming/TinyTeX/texmf-dist/tex/generic/kvsetkeys/kvset
keys.sty
Package: kvsetkeys 2019/12/15 v1.18 Key value parser (HO)
)
(c:/Users/Lenovo/AppData/Roaming/TinyTeX/texmf-dist/tex/generic/kvdefinekeys/kv
definekeys.sty
Package: kvdefinekeys 2019-12-19 v1.6 Define keys (HO)
)
(c:/Users/Lenovo/AppData/Roaming/TinyTeX/texmf-dist/tex/generic/pdfescape/pdfes
cape.sty
Package: pdfescape 2019/12/09 v1.15 Implements pdfTeX's escape features (HO)
)
(c:/Users/Lenovo/AppData/Roaming/TinyTeX/texmf-dist/tex/latex/hycolor/hycolor.s
ty
Package: hycolor 2020-01-27 v1.10 Color options for hyperref/bookmark (HO)
)
(c:/Users/Lenovo/AppData/Roaming/TinyTeX/texmf-dist/tex/latex/letltxmacro/letlt
xmacro.sty
Package: letltxmacro 2019/12/03 v1.6 Let assignment for LaTeX macros (HO)
)
(c:/Users/Lenovo/AppData/Roaming/TinyTeX/texmf-dist/tex/latex/auxhook/auxhook.s
ty
Package: auxhook 2019-12-17 v1.6 Hooks for auxiliary files (HO)
)
(c:/Users/Lenovo/AppData/Roaming/TinyTeX/texmf-dist/tex/latex/kvoptions/kvoptio
ns.sty
Package: kvoptions 2019/11/29 v3.13 Key value format for package options (HO)
)
\@linkdim=\dimen143
\Hy@linkcounter=\count183
\Hy@pagecounter=\count184

(c:/Users/Lenovo/AppData/Roaming/TinyTeX/texmf-dist/tex/latex/hyperref/pd1enc.d
ef
File: pd1enc.def 2020-05-15 v7.00e Hyperref: PDFDocEncoding definition (HO)
Now handling font encoding PD1 ...
... no UTF-8 mapping file for font encoding PD1
)
(c:/Users/Lenovo/AppData/Roaming/TinyTeX/texmf-dist/tex/generic/intcalc/intcalc
.sty
Package: intcalc 2019/12/15 v1.3 Expandable calculations with integers (HO)
)
(c:/Users/Lenovo/AppData/Roaming/TinyTeX/texmf-dist/tex/generic/etexcmds/etexcm
ds.sty
Package: etexcmds 2019/12/15 v1.7 Avoid name clashes with e-TeX commands (HO)
)
\Hy@SavedSpaceFactor=\count185
Package hyperref Info: Option `unicode' set `true' on input line 4338.

(c:/Users/Lenovo/AppData/Roaming/TinyTeX/texmf-dist/tex/latex/hyperref/puenc.de
f
File: puenc.def 2020-05-15 v7.00e Hyperref: PDF Unicode definition (HO)
Now handling font encoding PU ...
... no UTF-8 mapping file for font encoding PU
)
Package hyperref Info: Option `hyperfootnotes' set `false' on input line 4338.
Package hyperref Info: Hyper figures OFF on input line 4464.
Package hyperref Info: Link nesting OFF on input line 4469.
Package hyperref Info: Hyper index ON on input line 4472.
Package hyperref Info: Plain pages OFF on input line 4479.
Package hyperref Info: Backreferencing OFF on input line 4484.
Package hyperref Info: Implicit mode ON; LaTeX internals redefined.
Package hyperref Info: Bookmarks ON on input line 4717.
\c@Hy@tempcnt=\count186
(c:/Users/Lenovo/AppData/Roaming/TinyTeX/texmf-dist/tex/latex/url/url.sty
\Urlmuskip=\muskip16
Package: url 2013/09/16  ver 3.4  Verb mode for urls, etc.
)
LaTeX Info: Redefining \url on input line 5076.
\XeTeXLinkMargin=\dimen144

(c:/Users/Lenovo/AppData/Roaming/TinyTeX/texmf-dist/tex/generic/bitset/bitset.s
ty
Package: bitset 2019/12/09 v1.3 Handle bit-vector datatype (HO)

(c:/Users/Lenovo/AppData/Roaming/TinyTeX/texmf-dist/tex/generic/bigintcalc/bigi
ntcalc.sty
Package: bigintcalc 2019/12/15 v1.5 Expandable calculations on big integers (HO
)
))
\Fld@menulength=\count187
\Field@Width=\dimen145
\Fld@charsize=\dimen146
Package hyperref Info: Hyper figures OFF on input line 6347.
Package hyperref Info: Link nesting OFF on input line 6352.
Package hyperref Info: Hyper index ON on input line 6355.
Package hyperref Info: backreferencing OFF on input line 6362.
Package hyperref Info: Link coloring OFF on input line 6367.
Package hyperref Info: Link coloring with OCG OFF on input line 6372.
Package hyperref Info: PDF/A mode OFF on input line 6377.
LaTeX Info: Redefining \ref on input line 6417.
LaTeX Info: Redefining \pageref on input line 6421.

(c:/Users/Lenovo/AppData/Roaming/TinyTeX/texmf-dist/tex/generic/atbegshi/atbegs
hi.sty
Package: atbegshi 2019/12/05 v1.19 At begin shipout hook (HO)
)
\Hy@abspage=\count188
\c@Item=\count189
)
Package hyperref Info: Driver (autodetected): hpdftex.

(c:/Users/Lenovo/AppData/Roaming/TinyTeX/texmf-dist/tex/latex/hyperref/hpdftex.
def
File: hpdftex.def 2020-05-15 v7.00e Hyperref driver for pdfTeX

(c:/Users/Lenovo/AppData/Roaming/TinyTeX/texmf-dist/tex/latex/atveryend/atverye
nd.sty
Package: atveryend 2019-12-11 v1.11 Hooks at the very end of document (HO)
Package atveryend Info: \enddocument detected (standard20110627).
)
\Fld@listcount=\count190
\c@bookmark@seq@number=\count191

(c:/Users/Lenovo/AppData/Roaming/TinyTeX/texmf-dist/tex/latex/rerunfilecheck/re
runfilecheck.sty
Package: rerunfilecheck 2019/12/05 v1.9 Rerun checks for auxiliary files (HO)

(c:/Users/Lenovo/AppData/Roaming/TinyTeX/texmf-dist/tex/generic/uniquecounter/u
niquecounter.sty
Package: uniquecounter 2019/12/15 v1.4 Provide unlimited unique counter (HO)
)
Package uniquecounter Info: New unique counter `rerunfilecheck' on input line 2
86.
)
\Hy@SectionHShift=\skip54
)
(c:/Users/Lenovo/AppData/Roaming/TinyTeX/texmf-dist/tex/latex/ragged2e/ragged2e
.sty
Package: ragged2e 2019/07/28 v2.2 ragged2e Package (MS)
(c:/Users/Lenovo/AppData/Roaming/TinyTeX/texmf-dist/tex/latex/ms/everysel.sty
Package: everysel 2011/10/28 v1.2 EverySelectfont Package (MS)
)
\CenteringLeftskip=\skip55
\RaggedLeftLeftskip=\skip56
\RaggedRightLeftskip=\skip57
\CenteringRightskip=\skip58
\RaggedLeftRightskip=\skip59
\RaggedRightRightskip=\skip60
\CenteringParfillskip=\skip61
\RaggedLeftParfillskip=\skip62
\RaggedRightParfillskip=\skip63
\JustifyingParfillskip=\skip64
\CenteringParindent=\skip65
\RaggedLeftParindent=\skip66
\RaggedRightParindent=\skip67
\JustifyingParindent=\skip68
)
(c:/Users/Lenovo/AppData/Roaming/TinyTeX/texmf-dist/tex/latex/geometry/geometry
.sty
Package: geometry 2020/01/02 v5.9 Page Geometry

(c:/Users/Lenovo/AppData/Roaming/TinyTeX/texmf-dist/tex/generic/iftex/ifvtex.st
y
Package: ifvtex 2019/10/25 v1.7 ifvtex legacy package. Use iftex instead.
)
\Gm@cnth=\count192
\Gm@cntv=\count193
\c@Gm@tempcnt=\count194
\Gm@bindingoffset=\dimen147
\Gm@wd@mp=\dimen148
\Gm@odd@mp=\dimen149
\Gm@even@mp=\dimen150
\Gm@layoutwidth=\dimen151
\Gm@layoutheight=\dimen152
\Gm@layouthoffset=\dimen153
\Gm@layoutvoffset=\dimen154
\Gm@dimlist=\toks18
)
(c:/Users/Lenovo/AppData/Roaming/TinyTeX/texmf-dist/tex/latex/changepage/change
page.sty
Package: changepage 2009/10/20 v1.0c check page and change page layout
\c@cp@cntr=\count195
\cp@tempcnt=\count196
)
\@tufte@overhang=\skip69
\@tufte@fullwidth=\skip70
\@tufte@caption@fill=\skip71

(c:/Users/Lenovo/AppData/Roaming/TinyTeX/texmf-dist/tex/latex/paralist/paralist
.sty
Package: paralist 2017/01/22 v2.7 Extended list environments
\pltopsep=\skip72
\plpartopsep=\skip73
\plitemsep=\skip74
\plparsep=\skip75
\pl@lab=\toks19
)
(c:/Users/Lenovo/AppData/Roaming/TinyTeX/texmf-dist/tex/latex/textcase/textcase
.sty
Package: textcase 2019/09/14 v1.00 Text only upper/lower case changing (DPC)
)

Class tufte-handout Warning: Couldn't locate `soul' package


(c:/Users/Lenovo/AppData/Roaming/TinyTeX/texmf-dist/tex/latex/setspace/setspace
.sty
Package: setspace 2011/12/19 v6.7a set line spacing
)
(c:/Users/Lenovo/AppData/Roaming/TinyTeX/texmf-dist/tex/latex/xcolor/xcolor.sty
Package: xcolor 2016/05/11 v2.12 LaTeX color extensions (UK)

(c:/Users/Lenovo/AppData/Roaming/TinyTeX/texmf-dist/tex/latex/graphics-cfg/colo
r.cfg
File: color.cfg 2016/01/02 v1.6 sample color configuration
)
Package xcolor Info: Package option `usenames' ignored on input line 216.
Package xcolor Info: Driver file: pdftex.def on input line 225.

(c:/Users/Lenovo/AppData/Roaming/TinyTeX/texmf-dist/tex/latex/graphics-def/pdft
ex.def
File: pdftex.def 2020/08/26 v1.2 Graphics/color driver for pdftex
)
Package xcolor Info: Model `cmy' substituted by `cmy0' on input line 1348.
Package xcolor Info: Model `hsb' substituted by `rgb' on input line 1352.
Package xcolor Info: Model `RGB' extended on input line 1364.
Package xcolor Info: Model `HTML' substituted by `rgb' on input line 1366.
Package xcolor Info: Model `Hsb' substituted by `hsb' on input line 1367.
Package xcolor Info: Model `tHsb' substituted by `hsb' on input line 1368.
Package xcolor Info: Model `HSB' substituted by `hsb' on input line 1369.
Package xcolor Info: Model `Gray' substituted by `gray' on input line 1370.
Package xcolor Info: Model `wave' substituted by `hsb' on input line 1371.

(c:/Users/Lenovo/AppData/Roaming/TinyTeX/texmf-dist/tex/latex/graphics/dvipsnam
.def
File: dvipsnam.def 2016/06/17 v3.0m Driver-dependent file (DPC,SPQR)
)
(c:/Users/Lenovo/AppData/Roaming/TinyTeX/texmf-dist/tex/latex/xcolor/svgnam.def
File: svgnam.def 2016/05/11 v2.12 Predefined colors according to SVG 1.1 (UK)
))
(c:/Users/Lenovo/AppData/Roaming/TinyTeX/texmf-dist/tex/latex/natbib/natbib.sty
Package: natbib 2010/09/13 8.31b (PWD, AO)
\bibhang=\skip76
\bibsep=\skip77
LaTeX Info: Redefining \cite on input line 694.
\c@NAT@ctr=\count197
)
(c:/Users/Lenovo/AppData/Roaming/TinyTeX/texmf-dist/tex/latex/natbib/bibentry.s
ty
Package: bibentry 2007/10/30 1.5 (PWD)
) (./tint.bbl)
\c@@tufte@num@bibkeys=\count198

(c:/Users/Lenovo/AppData/Roaming/TinyTeX/texmf-dist/tex/latex/sauerj/optparams.
sty
Package: optparams 2004/08/14 v0.9 multiple optional parameters in macros
)
\@tufte@sidenote@vertical@offset=\skip78

(c:/Users/Lenovo/AppData/Roaming/TinyTeX/texmf-dist/tex/latex/placeins/placeins
.sty
Package: placeins 2005/04/18  v 2.2
)
\@tufte@margin@floatbox=\box46
\@tufte@figure@box=\box47
\@tufte@caption@box=\box48
\@tufte@caption@vertical@offset=\skip79
\@tufte@float@contents@width=\skip80

(c:/Users/Lenovo/AppData/Roaming/TinyTeX/texmf-dist/tex/latex/fancyhdr/fancyhdr
.sty
Package: fancyhdr 2019/01/31 v3.10 Extensive control of page headers and footer
s
\f@nch@headwidth=\skip81
\f@nch@O@elh=\skip82
\f@nch@O@erh=\skip83
\f@nch@O@olh=\skip84
\f@nch@O@orh=\skip85
\f@nch@O@elf=\skip86
\f@nch@O@erf=\skip87
\f@nch@O@olf=\skip88
\f@nch@O@orf=\skip89
)
\tufteskipamount=\skip90

(c:/Users/Lenovo/AppData/Roaming/TinyTeX/texmf-dist/tex/latex/tools/multicol.st
y
Package: multicol 2019/12/09 v1.8y multicolumn formatting (FMi)
\c@tracingmulticols=\count199
\mult@box=\box49
\multicol@leftmargin=\dimen155
\c@unbalance=\count266
\c@collectmore=\count267
\doublecol@number=\count268
\multicoltolerance=\count269
\multicolpretolerance=\count270
\full@width=\dimen156
\page@free=\dimen157
\premulticols=\dimen158
\postmulticols=\dimen159
\multicolsep=\skip91
\multicolbaselineskip=\skip92
\partial@page=\box50
\last@line=\box51
\maxbalancingoverflow=\dimen160
\mult@rightbox=\box52
\mult@grightbox=\box53
\mult@gfirstbox=\box54
\mult@firstbox=\box55
\@tempa=\box56
\@tempa=\box57
\@tempa=\box58
\@tempa=\box59
\@tempa=\box60
\@tempa=\box61
\@tempa=\box62
\@tempa=\box63
\@tempa=\box64
\@tempa=\box65
\@tempa=\box66
\@tempa=\box67
\@tempa=\box68
\@tempa=\box69
\@tempa=\box70
\@tempa=\box71
\@tempa=\box72
\@tempa=\box73
\@tempa=\box74
\@tempa=\box75
\@tempa=\box76
\@tempa=\box77
\@tempa=\box78
\@tempa=\box79
\@tempa=\box80
\@tempa=\box81
\@tempa=\box82
\@tempa=\box83
\@tempa=\box84
\@tempa=\box85
\@tempa=\box86
\@tempa=\box87
\@tempa=\box88
\@tempa=\box89
\@tempa=\box90
\@tempa=\box91
\@tempa=\box92
\c@minrows=\count271
\c@columnbadness=\count272
\c@finalcolumnbadness=\count273
\last@try=\dimen161
\multicolovershoot=\dimen162
\multicolundershoot=\dimen163
\mult@nat@firstbox=\box93
\colbreak@box=\box94
\mc@col@check@num=\count274
)))
(c:/Users/Lenovo/AppData/Roaming/TinyTeX/texmf-dist/tex/latex/amsfonts/amssymb.
sty
Package: amssymb 2013/01/14 v3.01 AMS font symbols

(c:/Users/Lenovo/AppData/Roaming/TinyTeX/texmf-dist/tex/latex/amsfonts/amsfonts
.sty
Package: amsfonts 2013/01/14 v3.01 Basic AMSFonts support
\@emptytoks=\toks20
\symAMSa=\mathgroup4
\symAMSb=\mathgroup5
LaTeX Font Info:    Redeclaring math symbol \hbar on input line 98.
LaTeX Font Info:    Overwriting math alphabet `\mathfrak' in version `bold'
(Font)                  U/euf/m/n --> U/euf/b/n on input line 106.
))
(c:/Users/Lenovo/AppData/Roaming/TinyTeX/texmf-dist/tex/latex/amsmath/amsmath.s
ty
Package: amsmath 2020/01/20 v2.17e AMS math features
\@mathmargin=\skip93
For additional information on amsmath, use the `?' option.

(c:/Users/Lenovo/AppData/Roaming/TinyTeX/texmf-dist/tex/latex/amsmath/amstext.s
ty
Package: amstext 2000/06/29 v2.01 AMS text

(c:/Users/Lenovo/AppData/Roaming/TinyTeX/texmf-dist/tex/latex/amsmath/amsgen.st
y
File: amsgen.sty 1999/11/30 v2.0 generic functions
\@emptytoks=\toks21
\ex@=\dimen164
))
(c:/Users/Lenovo/AppData/Roaming/TinyTeX/texmf-dist/tex/latex/amsmath/amsbsy.st
y
Package: amsbsy 1999/11/29 v1.2d Bold Symbols
\pmbraise@=\dimen165
)
(c:/Users/Lenovo/AppData/Roaming/TinyTeX/texmf-dist/tex/latex/amsmath/amsopn.st
y
Package: amsopn 2016/03/08 v2.02 operator names
)
\inf@bad=\count275
LaTeX Info: Redefining \frac on input line 227.
\uproot@=\count276
\leftroot@=\count277
LaTeX Info: Redefining \overline on input line 389.
\classnum@=\count278
\DOTSCASE@=\count279
LaTeX Info: Redefining \ldots on input line 486.
LaTeX Info: Redefining \dots on input line 489.
LaTeX Info: Redefining \cdots on input line 610.
\Mathstrutbox@=\box95
\strutbox@=\box96
\big@size=\dimen166
LaTeX Font Info:    Redeclaring font encoding OML on input line 733.
LaTeX Font Info:    Redeclaring font encoding OMS on input line 734.
\macc@depth=\count280
\c@MaxMatrixCols=\count281
\dotsspace@=\muskip17
\c@parentequation=\count282
\dspbrk@lvl=\count283
\tag@help=\toks22
\row@=\count284
\column@=\count285
\maxfields@=\count286
\andhelp@=\toks23
\eqnshift@=\dimen167
\alignsep@=\dimen168
\tagshift@=\dimen169
\tagwidth@=\dimen170
\totwidth@=\dimen171
\lineht@=\dimen172
\@envbody=\toks24
\multlinegap=\skip94
\multlinetaggap=\skip95
\mathdisplay@stack=\toks25
LaTeX Info: Redefining \[ on input line 2859.
LaTeX Info: Redefining \] on input line 2860.
)
(c:/Users/Lenovo/AppData/Roaming/TinyTeX/texmf-dist/tex/latex/base/fixltx2e.sty
Package: fixltx2e 2016/12/29 v2.1a fixes to LaTeX (obsolete)
Applying: [2015/01/01] Old fixltx2e package on input line 46.

Package fixltx2e Warning: fixltx2e is not required with releases after 2015
(fixltx2e)                All fixes are now in the LaTeX kernel.
(fixltx2e)                See the latexrelease package for details.

Already applied: [0000/00/00] Old fixltx2e package on input line 53.
) (c:/Users/Lenovo/AppData/Roaming/TinyTeX/texmf-dist/tex/latex/base/fontenc.st
y
Package: fontenc 2020/02/11 v2.0o Standard LaTeX package
)
(c:/Users/Lenovo/AppData/Roaming/TinyTeX/texmf-dist/tex/latex/base/inputenc.sty
Package: inputenc 2018/08/11 v1.3c Input encoding file
\inpenc@prehook=\toks26
\inpenc@posthook=\toks27
)
(c:/Users/Lenovo/AppData/Roaming/TinyTeX/texmf-dist/tex/latex/graphics/graphicx
.sty
Package: graphicx 2019/11/30 v1.2a Enhanced LaTeX Graphics (DPC,SPQR)

(c:/Users/Lenovo/AppData/Roaming/TinyTeX/texmf-dist/tex/latex/graphics/graphics
.sty
Package: graphics 2019/11/30 v1.4a Standard LaTeX Graphics (DPC,SPQR)

(c:/Users/Lenovo/AppData/Roaming/TinyTeX/texmf-dist/tex/latex/graphics/trig.sty
Package: trig 2016/01/03 v1.10 sin cos tan (DPC)
)
(c:/Users/Lenovo/AppData/Roaming/TinyTeX/texmf-dist/tex/latex/graphics-cfg/grap
hics.cfg
File: graphics.cfg 2016/06/04 v1.11 sample graphics configuration
)
Package graphics Info: Driver file: pdftex.def on input line 105.
)
\Gin@req@height=\dimen173
\Gin@req@width=\dimen174
)
(c:/Users/Lenovo/AppData/Roaming/TinyTeX/texmf-dist/tex/latex/booktabs/booktabs
.sty
Package: booktabs 2020/01/12 v1.61803398 Publication quality tables
\heavyrulewidth=\dimen175
\lightrulewidth=\dimen176
\cmidrulewidth=\dimen177
\belowrulesep=\dimen178
\belowbottomsep=\dimen179
\aboverulesep=\dimen180
\abovetopsep=\dimen181
\cmidrulesep=\dimen182
\cmidrulekern=\dimen183
\defaultaddspace=\dimen184
\@cmidla=\count287
\@cmidlb=\count288
\@aboverulesep=\dimen185
\@belowrulesep=\dimen186
\@thisruleclass=\count289
\@lastruleclass=\count290
\@thisrulewidth=\dimen187
) (c:/Users/Lenovo/AppData/Roaming/TinyTeX/texmf-dist/tex/latex/units/units.sty
Package: units 1998/08/04 v0.9b Typesetting units

(c:/Users/Lenovo/AppData/Roaming/TinyTeX/texmf-dist/tex/latex/units/nicefrac.st
y
Package: nicefrac 1998/08/04 v0.9b Nice fractions
\L@UnitsRaiseDisplaystyle=\skip96
\L@UnitsRaiseTextstyle=\skip97
\L@UnitsRaiseScriptstyle=\skip98
))
(c:/Users/Lenovo/AppData/Roaming/TinyTeX/texmf-dist/tex/latex/fancyvrb/fancyvrb
.sty
Package: fancyvrb 2020/05/03 v3.6 verbatim text (tvz,hv)
\FV@CodeLineNo=\count291
\FV@InFile=\read2
\FV@TabBox=\box97
\c@FancyVerbLine=\count292
\FV@StepNumber=\count293
\FV@OutFile=\write3
)
(c:/Users/Lenovo/AppData/Roaming/TinyTeX/texmf-dist/tex/latex/framed/framed.sty
Package: framed 2011/10/22 v 0.96: framed or shaded text with page breaks
\OuterFrameSep=\skip99
\fb@frw=\dimen188
\fb@frh=\dimen189
\FrameRule=\dimen190
\FrameSep=\dimen191
)
(c:/Users/Lenovo/AppData/Roaming/TinyTeX/texmf-dist/tex/latex/tools/longtable.s
ty
Package: longtable 2020/01/07 v4.13 Multi-page Table package (DPC)
\LTleft=\skip100
\LTright=\skip101
\LTpre=\skip102
\LTpost=\skip103
\LTchunksize=\count294
\LTcapwidth=\dimen192
\LT@head=\box98
\LT@firsthead=\box99
\LT@foot=\box100
\LT@lastfoot=\box101
\LT@cols=\count295
\LT@rows=\count296
\c@LT@tables=\count297
\c@LT@chunks=\count298
\LT@p@ftn=\toks28
) (c:/Users/Lenovo/AppData/Roaming/TinyTeX/texmf-dist/tex/generic/ulem/ulem.sty
\UL@box=\box102
\UL@hyphenbox=\box103
\UL@skip=\skip104
\UL@hook=\toks29
\UL@height=\dimen193
\UL@pe=\count299
\UL@pixel=\dimen194
\ULC@box=\box104
Package: ulem 2019/11/18
\ULdepth=\dimen195
)
(c:/Users/Lenovo/AppData/Roaming/TinyTeX/texmf-dist/tex/latex/morefloats/morefl
oats.sty
Package: morefloats 2015/07/22 v1.0h Raise limit of unprocessed floats (HMM)
Package morefloats Info: Maximum number of possible floats asked for: 36
(morefloats)             (i.e. 18 more floats).
(morefloats)             LaTeX might run out of memory before this
(morefloats)             (in which case it will notify you).
)
(c:/Users/Lenovo/AppData/Roaming/TinyTeX/texmf-dist/tex/latex/psnfss/mathptmx.s
ty
Package: mathptmx 2020/03/25 PSNFSS-v9.3 Times w/ Math, improved (SPQR, WaS) 
LaTeX Font Info:    Redeclaring symbol font `operators' on input line 28.
LaTeX Font Info:    Overwriting symbol font `operators' in version `normal'
(Font)                  OT1/cmr/m/n --> OT1/ztmcm/m/n on input line 28.
LaTeX Font Info:    Overwriting symbol font `operators' in version `bold'
(Font)                  OT1/cmr/bx/n --> OT1/ztmcm/m/n on input line 28.
LaTeX Font Info:    Redeclaring symbol font `letters' on input line 29.
LaTeX Font Info:    Overwriting symbol font `letters' in version `normal'
(Font)                  OML/cmm/m/it --> OML/ztmcm/m/it on input line 29.
LaTeX Font Info:    Overwriting symbol font `letters' in version `bold'
(Font)                  OML/cmm/b/it --> OML/ztmcm/m/it on input line 29.
LaTeX Font Info:    Redeclaring symbol font `symbols' on input line 30.
LaTeX Font Info:    Overwriting symbol font `symbols' in version `normal'
(Font)                  OMS/cmsy/m/n --> OMS/ztmcm/m/n on input line 30.
LaTeX Font Info:    Overwriting symbol font `symbols' in version `bold'
(Font)                  OMS/cmsy/b/n --> OMS/ztmcm/m/n on input line 30.
LaTeX Font Info:    Redeclaring symbol font `largesymbols' on input line 31.
LaTeX Font Info:    Overwriting symbol font `largesymbols' in version `normal'
(Font)                  OMX/cmex/m/n --> OMX/ztmcm/m/n on input line 31.
LaTeX Font Info:    Overwriting symbol font `largesymbols' in version `bold'
(Font)                  OMX/cmex/m/n --> OMX/ztmcm/m/n on input line 31.
\symbold=\mathgroup6
\symitalic=\mathgroup7
LaTeX Font Info:    Redeclaring math alphabet \mathbf on input line 34.
LaTeX Font Info:    Overwriting math alphabet `\mathbf' in version `normal'
(Font)                  OT1/cmr/bx/n --> OT1/ptm/bx/n on input line 34.
LaTeX Font Info:    Overwriting math alphabet `\mathbf' in version `bold'
(Font)                  OT1/cmr/bx/n --> OT1/ptm/bx/n on input line 34.
LaTeX Font Info:    Redeclaring math alphabet \mathit on input line 35.
LaTeX Font Info:    Overwriting math alphabet `\mathit' in version `normal'
(Font)                  OT1/cmr/m/it --> OT1/ptm/m/it on input line 35.
LaTeX Font Info:    Overwriting math alphabet `\mathit' in version `bold'
(Font)                  OT1/cmr/bx/it --> OT1/ptm/m/it on input line 35.
LaTeX Info: Redefining \hbar on input line 50.
)
(c:/Users/Lenovo/AppData/Roaming/TinyTeX/texmf-dist/tex/latex/fira/FiraMono.sty
Package: FiraMono 2019/10/10 (Bob Tennent and autoinst) Style file for Fira Mon
o fonts.

(c:/Users/Lenovo/AppData/Roaming/TinyTeX/texmf-dist/tex/latex/base/textcomp.sty
Package: textcomp 2020/02/02 v2.0n Standard LaTeX package
) (c:/Users/Lenovo/AppData/Roaming/TinyTeX/texmf-dist/tex/latex/base/fontenc.st
y
Package: fontenc 2020/02/11 v2.0o Standard LaTeX package
LaTeX Font Info:    Trying to load font information for T1+ptm on input line 11
2.
(c:/Users/Lenovo/AppData/Roaming/TinyTeX/texmf-dist/tex/latex/psnfss/t1ptm.fd
File: t1ptm.fd 2001/06/04 font definitions for T1/ptm.
))
(c:/Users/Lenovo/AppData/Roaming/TinyTeX/texmf-dist/tex/latex/fontaxes/fontaxes
.sty
Package: fontaxes 2020/07/21 v1.0e Font selection axes
LaTeX Info: Redefining \upshape on input line 29.
LaTeX Info: Redefining \itshape on input line 31.
LaTeX Info: Redefining \slshape on input line 33.
LaTeX Info: Redefining \swshape on input line 35.
LaTeX Info: Redefining \scshape on input line 37.
LaTeX Info: Redefining \sscshape on input line 39.
LaTeX Info: Redefining \ulcshape on input line 41.
LaTeX Info: Redefining \textsw on input line 47.
LaTeX Info: Redefining \textssc on input line 48.
LaTeX Info: Redefining \textulc on input line 49.
))
Package hyperref Info: Option `colorlinks' set `true' on input line 128.

(c:/Users/Lenovo/AppData/Roaming/TinyTeX/texmf-dist/tex/latex/l3backend/l3backe
nd-pdftex.def
File: l3backend-pdftex.def 2020-09-11 L3 backend support: PDF output (pdfTeX)
\l__kernel_color_stack_int=\count300
\l__pdf_internal_box=\box105
) (./tint.aux)
\openout1 = `tint.aux'.

LaTeX Font Info:    Checking defaults for OML/cmm/m/it on input line 250.
LaTeX Font Info:    ... okay on input line 250.
LaTeX Font Info:    Checking defaults for OMS/cmsy/m/n on input line 250.
LaTeX Font Info:    ... okay on input line 250.
LaTeX Font Info:    Checking defaults for OT1/cmr/m/n on input line 250.
LaTeX Font Info:    ... okay on input line 250.
LaTeX Font Info:    Checking defaults for T1/cmr/m/n on input line 250.
LaTeX Font Info:    ... okay on input line 250.
LaTeX Font Info:    Checking defaults for TS1/cmr/m/n on input line 250.
LaTeX Font Info:    ... okay on input line 250.
LaTeX Font Info:    Checking defaults for OMX/cmex/m/n on input line 250.
LaTeX Font Info:    ... okay on input line 250.
LaTeX Font Info:    Checking defaults for U/cmr/m/n on input line 250.
LaTeX Font Info:    ... okay on input line 250.
LaTeX Font Info:    Checking defaults for PD1/pdf/m/n on input line 250.
LaTeX Font Info:    ... okay on input line 250.
LaTeX Font Info:    Checking defaults for PU/pdf/m/n on input line 250.
LaTeX Font Info:    ... okay on input line 250.
\AtBeginShipoutBox=\box106
Package hyperref Info: Link coloring ON on input line 250.

(c:/Users/Lenovo/AppData/Roaming/TinyTeX/texmf-dist/tex/latex/hyperref/nameref.
sty
Package: nameref 2019/09/16 v2.46 Cross-referencing by name of section

(c:/Users/Lenovo/AppData/Roaming/TinyTeX/texmf-dist/tex/latex/refcount/refcount
.sty
Package: refcount 2019/12/15 v3.6 Data extraction from label references (HO)
)
(c:/Users/Lenovo/AppData/Roaming/TinyTeX/texmf-dist/tex/generic/gettitlestring/
gettitlestring.sty
Package: gettitlestring 2019/12/15 v1.6 Cleanup title references (HO)
)
\c@section@level=\count301
)
LaTeX Info: Redefining \ref on input line 250.
LaTeX Info: Redefining \pageref on input line 250.
LaTeX Info: Redefining \nameref on input line 250.
(./tint.out) (./tint.out)
\@outlinefile=\write4
\openout4 = `tint.out'.

ABD: EverySelectfont initializing macros
LaTeX Info: Redefining \selectfont on input line 250.
*geometry* driver: auto-detecting
*geometry* detected driver: pdftex
*geometry* verbose mode - [ preamble ] result:
* driver: pdftex
* paper: letterpaper
* layout: <same size as paper>
* layoutoffset:(h,v)=(0.0pt,0.0pt)
* modes: twoside asymmetric 
* h-part:(L,W,R)=(72.26999pt, 312.0pt, 230.02501pt)
* v-part:(T,H,B)=(72.26999pt, 616.0pt, 106.7pt)
* \paperwidth=614.295pt
* \paperheight=794.96999pt
* \textwidth=312.0pt
* \textheight=616.0pt
* \oddsidemargin=0.0pt
* \evensidemargin=0.0pt
* \topmargin=-42.0pt
* \headheight=14.0pt
* \headsep=28.0pt
* \topskip=10.0pt
* \footskip=30.0pt
* \marginparwidth=144.0pt
* \marginparsep=24.0pt
* \columnsep=10.0pt
* \skip\footins=9.0pt plus 4.0pt minus 2.0pt
* \hoffset=0.0pt
* \voffset=0.0pt
* \mag=1000
* \@twocolumnfalse
* \@twosidetrue
* \@mparswitchfalse
* \@reversemarginfalse
* (1in=72.27pt=25.4mm, 1cm=28.453pt)


(c:/Users/Lenovo/AppData/Roaming/TinyTeX/texmf-dist/tex/context/base/mkii/supp-
pdf.mkii
[Loading MPS to PDF converter (version 2006.09.02).]
\scratchcounter=\count302
\scratchdimen=\dimen196
\scratchbox=\box107
\nofMPsegments=\count303
\nofMParguments=\count304
\everyMPshowfont=\toks30
\MPscratchCnt=\count305
\MPscratchDim=\dimen197
\MPnumerator=\count306
\makeMPintoPDFobject=\count307
\everyMPtoPDFconversion=\toks31
)
(c:/Users/Lenovo/AppData/Roaming/TinyTeX/texmf-dist/tex/latex/epstopdf-pkg/epst
opdf-base.sty
Package: epstopdf-base 2020-01-24 v2.11 Base part for package epstopdf
Package epstopdf-base Info: Redefining graphics rule for `.eps' on input line 4
85.

(c:/Users/Lenovo/AppData/Roaming/TinyTeX/texmf-dist/tex/latex/latexconfig/epsto
pdf-sys.cfg
File: epstopdf-sys.cfg 2010/07/13 v1.3 Configuration of (r)epstopdf for TeX Liv
e
))
\langwohyphens=\language5
\c@mv@tabular=\count308
\c@mv@boldtabular=\count309

LaTeX Font Warning: Font shape `T1/ptm/l/n' undefined
(Font)              using `T1/ptm/m/n' instead on input line 252.


LaTeX Font Warning: Font shape `T1/ptm/l/n' undefined
(Font)              using `T1/ptm/m/n' instead on input line 252.

<tint_files/figure-latex/fig-nocap-margin-first-1.pdf, id=48, 289.08pt x 289.08
pt>
File: tint_files/figure-latex/fig-nocap-margin-first-1.pdf Graphic file (type p
df)
<use tint_files/figure-latex/fig-nocap-margin-first-1.pdf>
Package pdftex.def Info: tint_files/figure-latex/fig-nocap-margin-first-1.pdf  
used on input line 261.
(pdftex.def)             Requested size: 143.99709pt x 143.99709pt.
LaTeX Font Info:    Trying to load font information for OT1+ztmcm on input line
 261.

(c:/Users/Lenovo/AppData/Roaming/TinyTeX/texmf-dist/tex/latex/psnfss/ot1ztmcm.f
d
File: ot1ztmcm.fd 2000/01/03 Fontinst v1.801 font definitions for OT1/ztmcm.
)
LaTeX Font Info:    Trying to load font information for OML+ztmcm on input line
 261.

(c:/Users/Lenovo/AppData/Roaming/TinyTeX/texmf-dist/tex/latex/psnfss/omlztmcm.f
d
File: omlztmcm.fd 2000/01/03 Fontinst v1.801 font definitions for OML/ztmcm.
)
LaTeX Font Info:    Trying to load font information for OMS+ztmcm on input line
 261.

(c:/Users/Lenovo/AppData/Roaming/TinyTeX/texmf-dist/tex/latex/psnfss/omsztmcm.f
d
File: omsztmcm.fd 2000/01/03 Fontinst v1.801 font definitions for OMS/ztmcm.
)
LaTeX Font Info:    Trying to load font information for OMX+ztmcm on input line
 261.

(c:/Users/Lenovo/AppData/Roaming/TinyTeX/texmf-dist/tex/latex/psnfss/omxztmcm.f
d
File: omxztmcm.fd 2000/01/03 Fontinst v1.801 font definitions for OMX/ztmcm.
)
LaTeX Font Info:    Trying to load font information for OT1+ptm on input line 2
61.
(c:/Users/Lenovo/AppData/Roaming/TinyTeX/texmf-dist/tex/latex/psnfss/ot1ptm.fd
File: ot1ptm.fd 2001/06/04 font definitions for OT1/ptm.
)
LaTeX Font Info:    Font shape `OT1/ptm/bx/n' in size <10> not available
(Font)              Font shape `OT1/ptm/b/n' tried instead on input line 261.
LaTeX Font Info:    Font shape `OT1/ptm/bx/n' in size <7.4> not available
(Font)              Font shape `OT1/ptm/b/n' tried instead on input line 261.
LaTeX Font Info:    Font shape `OT1/ptm/bx/n' in size <6> not available
(Font)              Font shape `OT1/ptm/b/n' tried instead on input line 261.
LaTeX Font Info:    Trying to load font information for T1+FiraMono-TOsF on inp
ut line 276.

(c:/Users/Lenovo/AppData/Roaming/TinyTeX/texmf-dist/tex/latex/fira/T1FiraMono-T
OsF.fd
File: T1FiraMono-TOsF.fd 2019/10/10 (autoinst) Font definitions for T1/FiraMono
-TOsF.
)
LaTeX Font Info:    Font shape `T1/FiraMono-TOsF/m/n' in size <10> not availabl
e
(Font)              Font shape `T1/FiraMono-TOsF/regular/n' tried instead on in
put line 276.
LaTeX Font Info:    Font shape `T1/FiraMono-TOsF/regular/n' will be
(Font)              scaled to size 10.0pt on input line 276.
LaTeX Font Info:    Font shape `OT1/ptm/bx/n' in size <8> not available
(Font)              Font shape `OT1/ptm/b/n' tried instead on input line 294.
LaTeX Font Info:    Font shape `OT1/ptm/bx/n' in size <5> not available
(Font)              Font shape `OT1/ptm/b/n' tried instead on input line 294.

LaTeX Warning: Marginpar on page 1 moved.

LaTeX Font Info:    Font shape `T1/FiraMono-TOsF/m/it' in size <10> not availab
le
(Font)              Font shape `T1/FiraMono-TOsF/regular/it' tried instead on i
nput line 306.
LaTeX Font Info:    Font shape `T1/FiraMono-TOsF/regular/it' in size <10> not a
vailable
(Font)              Font shape `T1/FiraMono-TOsF/regular/sl' tried instead on i
nput line 306.
LaTeX Font Info:    Font shape `T1/FiraMono-TOsF/regular/sl' will be
(Font)              scaled to size 10.0pt on input line 306.
LaTeX Font Info:    Font shape `T1/FiraMono-TOsF/b/n' in size <10> not availabl
e
(Font)              Font shape `T1/FiraMono-TOsF/bold/n' tried instead on input
 line 307.
LaTeX Font Info:    Font shape `T1/FiraMono-TOsF/bold/n' will be
(Font)              scaled to size 10.0pt on input line 307.
[1

{c:/Users/Lenovo/AppData/Roaming/TinyTeX/texmf-var/fonts/map/pdftex/updmap/pdft
ex.map} <./tint_files/figure-latex/fig-nocap-margin-first-1.pdf>]
Package textcomp Info: Symbol \textasciigrave not provided by
(textcomp)             font family FiraMono-TOsF in TS1 encoding.
(textcomp)             Default family used instead on input line 356.
LaTeX Font Info:    Trying to load font information for T1+cmtt on input line 3
56.
(c:/Users/Lenovo/AppData/Roaming/TinyTeX/texmf-dist/tex/latex/base/t1cmtt.fd
File: t1cmtt.fd 2019/12/16 v2.5j Standard LaTeX font definitions
)
LaTeX Font Info:    Trying to load font information for TS1+cmtt on input line 
356.
(c:/Users/Lenovo/AppData/Roaming/TinyTeX/texmf-dist/tex/latex/base/ts1cmtt.fd
File: ts1cmtt.fd 2019/12/16 v2.5j Standard LaTeX font definitions
)
Package textcomp Info: Symbol \textasciigrave not provided by
(textcomp)             font family FiraMono-TOsF in TS1 encoding.
(textcomp)             Default family used instead on input line 356.
LaTeX Font Info:    Font shape `T1/FiraMono-TOsF/m/n' in size <8> not available

(Font)              Font shape `T1/FiraMono-TOsF/regular/n' tried instead on in
put line 361.
LaTeX Font Info:    Font shape `T1/FiraMono-TOsF/regular/n' will be
(Font)              scaled to size 8.0pt on input line 361.

LaTeX Warning: Marginpar on page 2 moved.


LaTeX Warning: Marginpar on page 2 moved.

LaTeX Font Info:    Trying to load font information for TS1+FiraMono-TOsF on in
put line 378.

(c:/Users/Lenovo/AppData/Roaming/TinyTeX/texmf-dist/tex/latex/fira/TS1FiraMono-
TOsF.fd
File: TS1FiraMono-TOsF.fd 2019/10/10 (autoinst) Font definitions for TS1/FiraMo
no-TOsF.
)
LaTeX Font Info:    Font shape `TS1/FiraMono-TOsF/m/n' in size <10> not availab
le
(Font)              Font shape `TS1/FiraMono-TOsF/regular/n' tried instead on i
nput line 378.
LaTeX Font Info:    Font shape `TS1/FiraMono-TOsF/regular/n' will be
(Font)              scaled to size 10.0pt on input line 378.

Overfull \hbox (54.0pt too wide) in paragraph at lines 388--388
[]\T1/FiraMono-TOsF/regular/n/10 ## `geom_smooth()` using method = 'loess' and 
formula 'y ~ x'[] 
 []

<tint_files/figure-latex/fig-margin-1.pdf, id=84, 252.945pt x 252.945pt>
File: tint_files/figure-latex/fig-margin-1.pdf Graphic file (type pdf)
<use tint_files/figure-latex/fig-margin-1.pdf>
Package pdftex.def Info: tint_files/figure-latex/fig-margin-1.pdf  used on inpu
t line 391.
(pdftex.def)             Requested size: 144.0026pt x 144.0026pt.

Class tufte-handout Warning: Proper spacing of small-caps letters has not been 
set up.
This message occurred on input line 401.

[2 <./tint_files/figure-latex/fig-margin-1.pdf>]
Package textcomp Info: Symbol \textasciigrave not provided by
(textcomp)             font family FiraMono-TOsF in TS1 encoding.
(textcomp)             Default family used instead on input line 405.
Package textcomp Info: Symbol \textasciigrave not provided by
(textcomp)             font family FiraMono-TOsF in TS1 encoding.
(textcomp)             Default family used instead on input line 405.
Package textcomp Info: Symbol \textasciigrave not provided by
(textcomp)             font family FiraMono-TOsF in TS1 encoding.
(textcomp)             Default family used instead on input line 405.
Package textcomp Info: Symbol \textasciigrave not provided by
(textcomp)             font family FiraMono-TOsF in TS1 encoding.
(textcomp)             Default family used instead on input line 407.
Package textcomp Info: Symbol \textasciigrave not provided by
(textcomp)             font family FiraMono-TOsF in TS1 encoding.
(textcomp)             Default family used instead on input line 407.
Package textcomp Info: Symbol \textasciigrave not provided by
(textcomp)             font family FiraMono-TOsF in TS1 encoding.
(textcomp)             Default family used instead on input line 407.

Overfull \hbox (11.34695pt too wide) in paragraph at lines 417--423
\T1/ptm/m/n/10 the mar-gin con-tent as sim-ple as pos-si-ble (syntax-wise) in t
he \T1/FiraMono-TOsF/regular/n/10 marginefigure 
 []


Overfull \hbox (10.62802pt too wide) in paragraph at lines 417--423
\T1/ptm/m/n/10 blocks. You may use sim-ple Mark-down syn-tax like \T1/FiraMono-
TOsF/regular/n/10 **bold** \T1/ptm/m/n/10 and \T1/FiraMono-TOsF/regular/n/10 _i
talic_ 
 []


Overfull \hbox (126.0pt too wide) in paragraph at lines 439--439
[]\T1/FiraMono-TOsF/regular/n/10 ## `geom_smooth()` using method = 'gam' and fo
rmula 'y ~ s(x, bs = "cs")'[] 
 []

<tint_files/figure-latex/fig-fullwidth-1.pdf, id=104, 722.7pt x 144.54pt>
File: tint_files/figure-latex/fig-fullwidth-1.pdf Graphic file (type pdf)
<use tint_files/figure-latex/fig-fullwidth-1.pdf>
Package pdftex.def Info: tint_files/figure-latex/fig-fullwidth-1.pdf  used on i
nput line 442.
(pdftex.def)             Requested size: 480.005pt x 96.00098pt.

Underfull \hbox (badness 10000) in paragraph at lines 442--443

 []


Overfull \hbox (11.18735pt too wide) in paragraph at lines 445--450
[]\T1/ptm/m/n/10 Other chunk op-tions re-lated to fig-ures can still be used, s
uch as \T1/FiraMono-TOsF/regular/n/10 fig.width\T1/ptm/m/n/10 , 
 []


Overfull \hbox (13.44864pt too wide) in paragraph at lines 445--450
\T1/FiraMono-TOsF/regular/n/10 fig.cap\T1/ptm/m/n/10 , \T1/FiraMono-TOsF/regula
r/n/10 out.width\T1/ptm/m/n/10 , and so on. For full width fig-ures, usu-ally \
T1/FiraMono-TOsF/regular/n/10 fig.width 
 []


Class tufte-handout Warning: Proper spacing of small-caps letters has not been 
set up.
This message occurred on input line 458.

[3 <./tint_files/figure-latex/fig-fullwidth-1.pdf>]
<tint_files/figure-latex/fig-main-1.pdf, id=127, 289.08pt x 180.675pt>
File: tint_files/figure-latex/fig-main-1.pdf Graphic file (type pdf)
<use tint_files/figure-latex/fig-main-1.pdf>
Package pdftex.def Info: tint_files/figure-latex/fig-main-1.pdf  used on input 
line 465.
(pdftex.def)             Requested size: 312.01648pt x 195.01028pt.

Underfull \hbox (badness 10000) in paragraph at lines 465--466

 []


LaTeX Warning: Marginpar on page 4 moved.


LaTeX Warning: Marginpar on page 4 moved.


Class tufte-handout Warning: Proper spacing of small-caps letters has not been 
set up.
This message occurred on input line 498.

[4 <./tint_files/figure-latex/fig-main-1.pdf>]

Class tufte-handout Warning: Proper spacing of small-caps letters has not been 
set up.
This message occurred on input line 577.

[5]
Overfull \hbox (54.0pt too wide) in paragraph at lines 597--597
[]\T1/FiraMono-TOsF/regular/n/10 ## `geom_smooth()` using method = 'loess' and 
formula 'y ~ x'[] 
 []

<tint_files/figure-latex/fig-two-together-1.pdf, id=153, 289.08pt x 180.675pt>
File: tint_files/figure-latex/fig-two-together-1.pdf Graphic file (type pdf)
<use tint_files/figure-latex/fig-two-together-1.pdf>
Package pdftex.def Info: tint_files/figure-latex/fig-two-together-1.pdf  used o
n input line 600.
(pdftex.def)             Requested size: 312.01648pt x 195.01028pt.
<tint_files/figure-latex/fig-two-together-2.pdf, id=154, 289.08pt x 180.675pt>
File: tint_files/figure-latex/fig-two-together-2.pdf Graphic file (type pdf)
<use tint_files/figure-latex/fig-two-together-2.pdf>
Package pdftex.def Info: tint_files/figure-latex/fig-two-together-2.pdf  used o
n input line 600.
(pdftex.def)             Requested size: 312.01648pt x 195.01028pt.

Underfull \hbox (badness 10000) in paragraph at lines 600--601

 []

<tint_files/figure-latex/fig-two-separate-1.pdf, id=155, 289.08pt x 180.675pt>
File: tint_files/figure-latex/fig-two-separate-1.pdf Graphic file (type pdf)
<use tint_files/figure-latex/fig-two-separate-1.pdf>
Package pdftex.def Info: tint_files/figure-latex/fig-two-separate-1.pdf  used o
n input line 616.
(pdftex.def)             Requested size: 312.01648pt x 195.01028pt.

Underfull \hbox (badness 10000) in paragraph at lines 616--617

 []


Overfull \hbox (54.0pt too wide) in paragraph at lines 627--627
[]\T1/FiraMono-TOsF/regular/n/10 ## `geom_smooth()` using method = 'loess' and 
formula 'y ~ x'[] 
 []

<tint_files/figure-latex/fig-two-separate-2.pdf, id=156, 289.08pt x 180.675pt>
File: tint_files/figure-latex/fig-two-separate-2.pdf Graphic file (type pdf)
<use tint_files/figure-latex/fig-two-separate-2.pdf>
Package pdftex.def Info: tint_files/figure-latex/fig-two-separate-2.pdf  used o
n input line 630.
(pdftex.def)             Requested size: 312.01648pt x 195.01028pt.

Underfull \hbox (badness 10000) in paragraph at lines 630--631

 []


Class tufte-handout Warning: Proper spacing of small-caps letters has not been 
set up.
This message occurred on input line 653.

[6]

Class tufte-handout Warning: Proper spacing of small-caps letters has not been 
set up.
This message occurred on input line 653.

[7 <./tint_files/figure-latex/fig-two-together-1.pdf> <./tint_files/figure-late
x/fig-two-together-2.pdf>]

Class tufte-handout Warning: Proper spacing of small-caps letters has not been 
set up.
This message occurred on input line 653.

[8 <./tint_files/figure-latex/fig-two-separate-1.pdf> <./tint_files/figure-late
x/fig-two-separate-2.pdf>]
<tint_files/figure-latex/fig-margin-together-1.pdf, id=197, 252.945pt x 180.675
pt>
File: tint_files/figure-latex/fig-margin-together-1.pdf Graphic file (type pdf)

<use tint_files/figure-latex/fig-margin-together-1.pdf>
Package pdftex.def Info: tint_files/figure-latex/fig-margin-together-1.pdf  use
d on input line 653.
(pdftex.def)             Requested size: 144.0026pt x 102.859pt.
<tint_files/figure-latex/fig-margin-together-2.pdf, id=198, 252.945pt x 180.675
pt>
File: tint_files/figure-latex/fig-margin-together-2.pdf Graphic file (type pdf)

<use tint_files/figure-latex/fig-margin-together-2.pdf>
Package pdftex.def Info: tint_files/figure-latex/fig-margin-together-2.pdf  use
d on input line 653.
(pdftex.def)             Requested size: 144.0026pt x 102.859pt.

LaTeX Warning: Marginpar on page 9 moved.

<tint_files/figure-latex/fig-margin-separate-1.pdf, id=199, 252.945pt x 180.675
pt>
File: tint_files/figure-latex/fig-margin-separate-1.pdf Graphic file (type pdf)

<use tint_files/figure-latex/fig-margin-separate-1.pdf>
Package pdftex.def Info: tint_files/figure-latex/fig-margin-separate-1.pdf  use
d on input line 696.
(pdftex.def)             Requested size: 144.0026pt x 102.859pt.

Class tufte-handout Warning: Proper spacing of small-caps letters has not been 
set up.
This message occurred on input line 726.

[9 <./tint_files/figure-latex/fig-margin-together-1.pdf> <./tint_files/figure-l
atex/fig-margin-together-2.pdf> <./tint_files/figure-latex/fig-margin-separate-
1.pdf>]
<tint_files/figure-latex/fig-margin-separate-2.pdf, id=224, 252.945pt x 180.675
pt>
File: tint_files/figure-latex/fig-margin-separate-2.pdf Graphic file (type pdf)

<use tint_files/figure-latex/fig-margin-separate-2.pdf>
Package pdftex.def Info: tint_files/figure-latex/fig-margin-separate-2.pdf  use
d on input line 737.
(pdftex.def)             Requested size: 144.0026pt x 102.859pt.

LaTeX Warning: Marginpar on page 10 moved.

<tint_files/figure-latex/fig-nocap-margin-1.pdf, id=225, 252.945pt x 144.54pt>
File: tint_files/figure-latex/fig-nocap-margin-1.pdf Graphic file (type pdf)
<use tint_files/figure-latex/fig-nocap-margin-1.pdf>
Package pdftex.def Info: tint_files/figure-latex/fig-nocap-margin-1.pdf  used o
n input line 780.
(pdftex.def)             Requested size: 144.0026pt x 82.28719pt.
<tint_files/figure-latex/fig-nocap-main-1.pdf, id=226, 289.08pt x 180.675pt>
File: tint_files/figure-latex/fig-nocap-main-1.pdf Graphic file (type pdf)
<use tint_files/figure-latex/fig-nocap-main-1.pdf>
Package pdftex.def Info: tint_files/figure-latex/fig-nocap-main-1.pdf  used on 
input line 790.
(pdftex.def)             Requested size: 312.01648pt x 195.01028pt.

Overfull \hbox (12.01648pt too wide) in paragraph at lines 790--791
[][]  
 []


Class tufte-handout Warning: Proper spacing of small-caps letters has not been 
set up.
This message occurred on input line 792.

[10 <./tint_files/figure-latex/fig-margin-separate-2.pdf> <./tint_files/figure-
latex/fig-nocap-margin-1.pdf>]
<tint_files/figure-latex/fig-nocap-fullwidth-1.pdf, id=245, 722.7pt x 216.81pt>

File: tint_files/figure-latex/fig-nocap-fullwidth-1.pdf Graphic file (type pdf)

<use tint_files/figure-latex/fig-nocap-fullwidth-1.pdf>
Package pdftex.def Info: tint_files/figure-latex/fig-nocap-fullwidth-1.pdf  use
d on input line 804.
(pdftex.def)             Requested size: 480.005pt x 144.0015pt.
LaTeX Font Info:    Trying to load font information for T1+cmss on input line 8
10.
(c:/Users/Lenovo/AppData/Roaming/TinyTeX/texmf-dist/tex/latex/base/t1cmss.fd
File: t1cmss.fd 2019/12/16 v2.5j Standard LaTeX font definitions
)

Class tufte-handout Warning: Proper spacing of small-caps letters has not been 
set up.
This message occurred on input line 827.

[11 <./tint_files/figure-latex/fig-nocap-main-1.pdf> <./tint_files/figure-latex
/fig-nocap-fullwidth-1.pdf>] (./tint.bbl)
Package atveryend Info: Empty hook `BeforeClearDocument' on input line 849.

Class tufte-handout Warning: Proper spacing of small-caps letters has not been 
set up.
This message occurred on input line 849.

[12]
Package atveryend Info: Empty hook `AfterLastShipout' on input line 849.
(./tint.aux)
Package atveryend Info: Executing hook `AtVeryEndDocument' on input line 849.
Package atveryend Info: Executing hook `AtEndAfterFileList' on input line 849.
Package rerunfilecheck Info: File `tint.out' has not changed.
(rerunfilecheck)             Checksum: 2D2EE2E8B31638DAD1982EE6E4BB885B;1202.
Package atveryend Info: Empty hook `AtVeryVeryEnd' on input line 849.
 ) 
Here is how much of TeX's memory you used:
 14328 strings out of 482799
 215326 string characters out of 5953272
 491316 words of memory out of 5000000
 29303 multiletter control sequences out of 15000+600000
 604094 words of font info for 125 fonts, out of 8000000 for 9000
 14 hyphenation exceptions out of 8191
 55i,11n,51p,346b,441s stack positions out of 5000i,500n,10000p,200000b,80000s
 <c:/Users/Lenovo/AppData/Roaming/TinyTeX/texmf-var/fonts/pk/ljfour/jknappen/
ec/ecss1000.600pk>{c:/Users/Lenovo/AppData/Roaming/TinyTeX/texmf-dist/fonts/enc
/dvips/fira/fir_ikmdpu.enc} <c:/Users/Lenovo/AppData/Roaming/TinyTeX/texmf-var/
fonts/pk/ljfour/jknappen/ec/tctt1000.600pk>{c:/Users/Lenovo/AppData/Roaming/Tin
yTeX/texmf-dist/fonts/enc/dvips/fira/fir_d4q673.enc}{c:/Users/Lenovo/AppData/Ro
aming/TinyTeX/texmf-dist/fonts/enc/dvips/base/8r.enc}<c:/Users/Lenovo/AppData/R
oaming/TinyTeX/texmf-dist/fonts/type1/public/fira/FiraMono-Bold.pfb><c:/Users/L
enovo/AppData/Roaming/TinyTeX/texmf-dist/fonts/type1/public/fira/FiraMono-Obliq
ue.pfb><c:/Users/Lenovo/AppData/Roaming/TinyTeX/texmf-dist/fonts/type1/public/f
ira/FiraMono-Regular.pfb><c:/Users/Lenovo/AppData/Roaming/TinyTeX/texmf-dist/fo
nts/type1/public/amsfonts/cm/cmex10.pfb><c:/Users/Lenovo/AppData/Roaming/TinyTe
X/texmf-dist/fonts/type1/public/amsfonts/cm/cmmi10.pfb><c:/Users/Lenovo/AppData
/Roaming/TinyTeX/texmf-dist/fonts/type1/public/amsfonts/cm/cmr10.pfb><c:/Users/
Lenovo/AppData/Roaming/TinyTeX/texmf-dist/fonts/type1/public/amsfonts/cm/cmsy10
.pfb><c:/Users/Lenovo/AppData/Roaming/TinyTeX/texmf-dist/fonts/type1/urw/times/
utmb8a.pfb><c:/Users/Lenovo/AppData/Roaming/TinyTeX/texmf-dist/fonts/type1/urw/
times/utmr8a.pfb><c:/Users/Lenovo/AppData/Roaming/TinyTeX/texmf-dist/fonts/type
1/urw/times/utmri8a.pfb>
Output written on tint.pdf (12 pages, 409097 bytes).
PDF statistics:
 342 PDF objects out of 1000 (max. 8388607)
 274 compressed objects within 3 object streams
 51 named destinations out of 1000 (max. 500000)
 164 words of extra memory for PDF output out of 10000 (max. 10000000)

